  [1m[35m (199.4ms)[0m  [1m[35mCREATE DATABASE "blog_api_development" ENCODING = 'unicode'[0m
  [1m[35m (129.6ms)[0m  [1m[35mCREATE DATABASE "blog_api_test" ENCODING = 'unicode'[0m
  [1m[35m (33.6ms)[0m  [1m[35mCREATE TABLE "schema_migrations" ("version" character varying NOT NULL PRIMARY KEY)[0m
  [1m[35m (32.4ms)[0m  [1m[35mCREATE TABLE "ar_internal_metadata" ("key" character varying NOT NULL PRIMARY KEY, "value" character varying, "created_at" timestamp(6) NOT NULL, "updated_at" timestamp(6) NOT NULL)[0m
  [1m[35m (0.8ms)[0m  [1m[34mSELECT pg_try_advisory_lock(838789120653861195)[0m
  [1m[35m (1.9ms)[0m  [1m[34mSELECT "schema_migrations"."version" FROM "schema_migrations" ORDER BY "schema_migrations"."version" ASC[0m
Migrating to CreateArticles (20210302090712)
  [1m[36mTRANSACTION (0.2ms)[0m  [1m[35mBEGIN[0m
  [1m[35m (27.9ms)[0m  [1m[35mCREATE TABLE "articles" ("id" bigserial primary key, "title" character varying, "content" text, "created_at" timestamp(6) NOT NULL, "updated_at" timestamp(6) NOT NULL)[0m
  [1m[36mActiveRecord::SchemaMigration Create (2.9ms)[0m  [1m[32mINSERT INTO "schema_migrations" ("version") VALUES ($1) RETURNING "version"[0m  [["version", "20210302090712"]]
  [1m[36mTRANSACTION (0.5ms)[0m  [1m[35mCOMMIT[0m
  [1m[36mActiveRecord::InternalMetadata Load (0.4ms)[0m  [1m[34mSELECT "ar_internal_metadata".* FROM "ar_internal_metadata" WHERE "ar_internal_metadata"."key" = $1 LIMIT $2[0m  [["key", "environment"], ["LIMIT", 1]]
  [1m[36mTRANSACTION (0.1ms)[0m  [1m[35mBEGIN[0m
  [1m[36mActiveRecord::InternalMetadata Create (8.0ms)[0m  [1m[32mINSERT INTO "ar_internal_metadata" ("key", "value", "created_at", "updated_at") VALUES ($1, $2, $3, $4) RETURNING "key"[0m  [["key", "environment"], ["value", "development"], ["created_at", "2021-03-02 09:47:06.221879"], ["updated_at", "2021-03-02 09:47:06.221879"]]
  [1m[36mTRANSACTION (6.2ms)[0m  [1m[35mCOMMIT[0m
  [1m[35m (0.3ms)[0m  [1m[34mSELECT pg_advisory_unlock(838789120653861195)[0m
  [1m[35m (2.0ms)[0m  [1m[34mSELECT "schema_migrations"."version" FROM "schema_migrations" ORDER BY "schema_migrations"."version" ASC[0m
  [1m[35m (0.2ms)[0m  [1m[34mSELECT pg_try_advisory_lock(838789120653861195)[0m
  [1m[35m (0.8ms)[0m  [1m[34mSELECT "schema_migrations"."version" FROM "schema_migrations" ORDER BY "schema_migrations"."version" ASC[0m
Migrating to CreateJwtDenylist (20210302095814)
  [1m[36mTRANSACTION (0.5ms)[0m  [1m[35mBEGIN[0m
  [1m[35m (27.6ms)[0m  [1m[35mCREATE TABLE "jwt_denylist" ("id" bigserial primary key, "jti" character varying NOT NULL, "expired_at" timestamp NOT NULL)[0m
  [1m[35m (1.9ms)[0m  [1m[35mCREATE INDEX "index_jwt_denylist_on_jti" ON "jwt_denylist" ("jti")[0m
  [1m[36mActiveRecord::SchemaMigration Create (0.7ms)[0m  [1m[32mINSERT INTO "schema_migrations" ("version") VALUES ($1) RETURNING "version"[0m  [["version", "20210302095814"]]
  [1m[36mTRANSACTION (6.6ms)[0m  [1m[35mCOMMIT[0m
  [1m[36mActiveRecord::InternalMetadata Load (7.4ms)[0m  [1m[34mSELECT "ar_internal_metadata".* FROM "ar_internal_metadata" WHERE "ar_internal_metadata"."key" = $1 LIMIT $2[0m  [["key", "environment"], ["LIMIT", 1]]
  [1m[35m (0.3ms)[0m  [1m[34mSELECT pg_advisory_unlock(838789120653861195)[0m
  [1m[35m (0.6ms)[0m  [1m[34mSELECT "schema_migrations"."version" FROM "schema_migrations" ORDER BY "schema_migrations"."version" ASC[0m
DEPRECATION WARNING: [] is deprecated and will be removed from Rails 6.2 (Use configs_for) (called from migration_template at (erb):6)
DEPRECATION WARNING: [] is deprecated and will be removed from Rails 6.2 (Use configs_for) (called from migration_template at (erb):6)
DEPRECATION WARNING: [] is deprecated and will be removed from Rails 6.2 (Use configs_for) (called from <main> at /Users/dylanpecqueux/Documents/next/30/blog_api/bin/rails:5)
DEPRECATION WARNING: [] is deprecated and will be removed from Rails 6.2 (Use configs_for) (called from <main> at /Users/dylanpecqueux/Documents/next/30/blog_api/bin/rails:5)
DEPRECATION WARNING: [] is deprecated and will be removed from Rails 6.2 (Use configs_for) (called from <main> at /Users/dylanpecqueux/Documents/next/30/blog_api/bin/rails:5)
DEPRECATION WARNING: [] is deprecated and will be removed from Rails 6.2 (Use configs_for) (called from <main> at /Users/dylanpecqueux/Documents/next/30/blog_api/bin/rails:5)
DEPRECATION WARNING: [] is deprecated and will be removed from Rails 6.2 (Use configs_for) (called from <main> at /Users/dylanpecqueux/Documents/next/30/blog_api/bin/rails:5)
  [1m[35m (0.2ms)[0m  [1m[34mSELECT pg_try_advisory_lock(838789120653861195)[0m
  [1m[35m (0.7ms)[0m  [1m[34mSELECT "schema_migrations"."version" FROM "schema_migrations" ORDER BY "schema_migrations"."version" ASC[0m
Migrating to DeviseCreateUsers (20210302101042)
  [1m[36mTRANSACTION (0.1ms)[0m  [1m[35mBEGIN[0m
  [1m[35m (27.3ms)[0m  [1m[35mCREATE TABLE "users" ("id" bigserial primary key, "email" character varying DEFAULT '' NOT NULL, "encrypted_password" character varying DEFAULT '' NOT NULL, "reset_password_token" character varying, "reset_password_sent_at" timestamp, "remember_created_at" timestamp, "created_at" timestamp(6) NOT NULL, "updated_at" timestamp(6) NOT NULL)[0m
  [1m[35m (1.3ms)[0m  [1m[35mCREATE UNIQUE INDEX "index_users_on_email" ON "users" ("email")[0m
  [1m[35m (2.0ms)[0m  [1m[35mCREATE UNIQUE INDEX "index_users_on_reset_password_token" ON "users" ("reset_password_token")[0m
  [1m[36mActiveRecord::SchemaMigration Create (0.4ms)[0m  [1m[32mINSERT INTO "schema_migrations" ("version") VALUES ($1) RETURNING "version"[0m  [["version", "20210302101042"]]
  [1m[36mTRANSACTION (2.1ms)[0m  [1m[35mCOMMIT[0m
  [1m[36mActiveRecord::InternalMetadata Load (0.5ms)[0m  [1m[34mSELECT "ar_internal_metadata".* FROM "ar_internal_metadata" WHERE "ar_internal_metadata"."key" = $1 LIMIT $2[0m  [["key", "environment"], ["LIMIT", 1]]
  [1m[35m (0.3ms)[0m  [1m[34mSELECT pg_advisory_unlock(838789120653861195)[0m
  [1m[35m (0.8ms)[0m  [1m[34mSELECT "schema_migrations"."version" FROM "schema_migrations" ORDER BY "schema_migrations"."version" ASC[0m
  [1m[35m (0.6ms)[0m  [1m[34mSELECT "schema_migrations"."version" FROM "schema_migrations" ORDER BY "schema_migrations"."version" ASC[0m
  [1m[35m (0.3ms)[0m  [1m[34mSELECT "schema_migrations"."version" FROM "schema_migrations" ORDER BY "schema_migrations"."version" ASC[0m
  [1m[35m (0.2ms)[0m  [1m[34mSELECT "schema_migrations"."version" FROM "schema_migrations" ORDER BY "schema_migrations"."version" ASC[0m
  [1m[35m (0.2ms)[0m  [1m[34mSELECT pg_try_advisory_lock(838789120653861195)[0m
  [1m[35m (0.2ms)[0m  [1m[34mSELECT "schema_migrations"."version" FROM "schema_migrations" ORDER BY "schema_migrations"."version" ASC[0m
Migrating to DeviseCreateUsers (20210302101042)
  [1m[36mTRANSACTION (0.2ms)[0m  [1m[35mBEGIN[0m
  [1m[35m (14.4ms)[0m  [1m[35mDROP INDEX  "index_users_on_reset_password_token"[0m
  [1m[35m (0.3ms)[0m  [1m[35mDROP INDEX  "index_users_on_email"[0m
  [1m[35m (6.4ms)[0m  [1m[35mDROP TABLE "users"[0m
  [1m[36mActiveRecord::SchemaMigration Destroy (23.2ms)[0m  [1m[31mDELETE FROM "schema_migrations" WHERE "schema_migrations"."version" = $1[0m  [["version", "20210302101042"]]
  [1m[36mTRANSACTION (5.0ms)[0m  [1m[35mCOMMIT[0m
Migrating to CreateJwtDenylist (20210302095814)
  [1m[36mTRANSACTION (0.8ms)[0m  [1m[35mBEGIN[0m
  [1m[35m (0.2ms)[0m  [1m[35mDROP INDEX  "index_jwt_denylist_on_jti"[0m
  [1m[35m (4.6ms)[0m  [1m[35mDROP TABLE "jwt_denylist"[0m
  [1m[36mActiveRecord::SchemaMigration Destroy (0.3ms)[0m  [1m[31mDELETE FROM "schema_migrations" WHERE "schema_migrations"."version" = $1[0m  [["version", "20210302095814"]]
  [1m[36mTRANSACTION (28.4ms)[0m  [1m[35mCOMMIT[0m
Migrating to CreateArticles (20210302090712)
  [1m[36mTRANSACTION (0.3ms)[0m  [1m[35mBEGIN[0m
  [1m[35m (0.9ms)[0m  [1m[35mDROP TABLE "articles"[0m
  [1m[36mActiveRecord::SchemaMigration Destroy (0.3ms)[0m  [1m[31mDELETE FROM "schema_migrations" WHERE "schema_migrations"."version" = $1[0m  [["version", "20210302090712"]]
  [1m[36mTRANSACTION (13.7ms)[0m  [1m[35mCOMMIT[0m
  [1m[35m (0.4ms)[0m  [1m[34mSELECT pg_advisory_unlock(838789120653861195)[0m
  [1m[35m (0.8ms)[0m  [1m[34mSELECT "schema_migrations"."version" FROM "schema_migrations" ORDER BY "schema_migrations"."version" ASC[0m
  [1m[35m (0.8ms)[0m  [1m[34mSELECT "schema_migrations"."version" FROM "schema_migrations" ORDER BY "schema_migrations"."version" ASC[0m
  [1m[35m (0.2ms)[0m  [1m[34mSELECT pg_try_advisory_lock(838789120653861195)[0m
  [1m[35m (0.6ms)[0m  [1m[34mSELECT "schema_migrations"."version" FROM "schema_migrations" ORDER BY "schema_migrations"."version" ASC[0m
Migrating to CreateArticles (20210302090712)
  [1m[36mTRANSACTION (0.2ms)[0m  [1m[35mBEGIN[0m
  [1m[35m (23.2ms)[0m  [1m[35mCREATE TABLE "articles" ("id" bigserial primary key, "title" character varying, "content" text, "user_id" bigint, "created_at" timestamp(6) NOT NULL, "updated_at" timestamp(6) NOT NULL)[0m
  [1m[35m (1.6ms)[0m  [1m[35mCREATE INDEX "index_articles_on_user_id" ON "articles" ("user_id")[0m
  [1m[36mActiveRecord::SchemaMigration Create (1.0ms)[0m  [1m[32mINSERT INTO "schema_migrations" ("version") VALUES ($1) RETURNING "version"[0m  [["version", "20210302090712"]]
  [1m[36mTRANSACTION (1.9ms)[0m  [1m[35mCOMMIT[0m
Migrating to CreateJwtDenylist (20210302095814)
  [1m[36mTRANSACTION (6.2ms)[0m  [1m[35mBEGIN[0m
  [1m[35m (19.7ms)[0m  [1m[35mCREATE TABLE "jwt_denylist" ("id" bigserial primary key, "jti" character varying NOT NULL, "expired_at" timestamp NOT NULL)[0m
  [1m[35m (1.1ms)[0m  [1m[35mCREATE INDEX "index_jwt_denylist_on_jti" ON "jwt_denylist" ("jti")[0m
  [1m[36mActiveRecord::SchemaMigration Create (0.3ms)[0m  [1m[32mINSERT INTO "schema_migrations" ("version") VALUES ($1) RETURNING "version"[0m  [["version", "20210302095814"]]
  [1m[36mTRANSACTION (0.4ms)[0m  [1m[35mCOMMIT[0m
Migrating to DeviseCreateUsers (20210302101042)
  [1m[36mTRANSACTION (6.2ms)[0m  [1m[35mBEGIN[0m
  [1m[35m (17.4ms)[0m  [1m[35mCREATE TABLE "users" ("id" bigserial primary key, "email" character varying DEFAULT '' NOT NULL, "encrypted_password" character varying DEFAULT '' NOT NULL, "reset_password_token" character varying, "reset_password_sent_at" timestamp, "remember_created_at" timestamp, "created_at" timestamp(6) NOT NULL, "updated_at" timestamp(6) NOT NULL)[0m
  [1m[35m (2.5ms)[0m  [1m[35mCREATE UNIQUE INDEX "index_users_on_email" ON "users" ("email")[0m
  [1m[35m (1.9ms)[0m  [1m[35mCREATE UNIQUE INDEX "index_users_on_reset_password_token" ON "users" ("reset_password_token")[0m
  [1m[36mActiveRecord::SchemaMigration Create (0.3ms)[0m  [1m[32mINSERT INTO "schema_migrations" ("version") VALUES ($1) RETURNING "version"[0m  [["version", "20210302101042"]]
  [1m[36mTRANSACTION (0.4ms)[0m  [1m[35mCOMMIT[0m
  [1m[36mActiveRecord::InternalMetadata Load (0.4ms)[0m  [1m[34mSELECT "ar_internal_metadata".* FROM "ar_internal_metadata" WHERE "ar_internal_metadata"."key" = $1 LIMIT $2[0m  [["key", "environment"], ["LIMIT", 1]]
  [1m[35m (0.3ms)[0m  [1m[34mSELECT pg_advisory_unlock(838789120653861195)[0m
  [1m[35m (0.6ms)[0m  [1m[34mSELECT "schema_migrations"."version" FROM "schema_migrations" ORDER BY "schema_migrations"."version" ASC[0m
  [1m[35m (0.6ms)[0m  [1m[34mSELECT "schema_migrations"."version" FROM "schema_migrations" ORDER BY "schema_migrations"."version" ASC[0m
  [1m[35m (0.6ms)[0m  [1m[34mSELECT "schema_migrations"."version" FROM "schema_migrations" ORDER BY "schema_migrations"."version" ASC[0m
  [1m[36mTRANSACTION (0.1ms)[0m  [1m[35mBEGIN[0m
  [1m[36mUser Create (3.2ms)[0m  [1m[32mINSERT INTO "users" ("email", "encrypted_password", "created_at", "updated_at") VALUES ($1, $2, $3, $4) RETURNING "id"[0m  [["email", "moi@moi.fr"], ["encrypted_password", "$2a$12$wiXOVPWTWlZZfzJV4oLRHeGK/1eJCMuqRDCdpYe9p069E9KqitCxa"], ["created_at", "2021-03-02 10:43:40.092377"], ["updated_at", "2021-03-02 10:43:40.092377"]]
  [1m[36mTRANSACTION (0.4ms)[0m  [1m[35mCOMMIT[0m
  [1m[36mTRANSACTION (0.1ms)[0m  [1m[35mBEGIN[0m
  [1m[36mUser Load (0.2ms)[0m  [1m[34mSELECT "users".* FROM "users" WHERE "users"."id" = $1 LIMIT $2[0m  [["id", 1], ["LIMIT", 1]]
  [1m[36mArticle Create (7.7ms)[0m  [1m[32mINSERT INTO "articles" ("title", "content", "user_id", "created_at", "updated_at") VALUES ($1, $2, $3, $4, $5) RETURNING "id"[0m  [["title", "Luke Adam Go"], ["content", "And it must follow, as the night the day, thou canst not then be false to any man."], ["user_id", 1], ["created_at", "2021-03-02 10:43:41.700995"], ["updated_at", "2021-03-02 10:43:41.700995"]]
  [1m[36mTRANSACTION (6.3ms)[0m  [1m[35mCOMMIT[0m
  [1m[36mTRANSACTION (0.1ms)[0m  [1m[35mBEGIN[0m
  [1m[36mUser Load (0.2ms)[0m  [1m[34mSELECT "users".* FROM "users" WHERE "users"."id" = $1 LIMIT $2[0m  [["id", 1], ["LIMIT", 1]]
  [1m[36mArticle Create (0.3ms)[0m  [1m[32mINSERT INTO "articles" ("title", "content", "user_id", "created_at", "updated_at") VALUES ($1, $2, $3, $4, $5) RETURNING "id"[0m  [["title", "Tamara Knight"], ["content", "There is nothing either good or bad, but thinking makes it so."], ["user_id", 1], ["created_at", "2021-03-02 10:43:41.722260"], ["updated_at", "2021-03-02 10:43:41.722260"]]
  [1m[36mTRANSACTION (0.4ms)[0m  [1m[35mCOMMIT[0m
  [1m[36mTRANSACTION (0.2ms)[0m  [1m[35mBEGIN[0m
  [1m[36mUser Load (0.3ms)[0m  [1m[34mSELECT "users".* FROM "users" WHERE "users"."id" = $1 LIMIT $2[0m  [["id", 1], ["LIMIT", 1]]
  [1m[36mArticle Create (0.4ms)[0m  [1m[32mINSERT INTO "articles" ("title", "content", "user_id", "created_at", "updated_at") VALUES ($1, $2, $3, $4, $5) RETURNING "id"[0m  [["title", "Cal Efornia"], ["content", "And it must follow, as the night the day, thou canst not then be false to any man."], ["user_id", 1], ["created_at", "2021-03-02 10:43:41.729687"], ["updated_at", "2021-03-02 10:43:41.729687"]]
  [1m[36mTRANSACTION (0.4ms)[0m  [1m[35mCOMMIT[0m
  [1m[36mTRANSACTION (0.2ms)[0m  [1m[35mBEGIN[0m
  [1m[36mUser Load (0.4ms)[0m  [1m[34mSELECT "users".* FROM "users" WHERE "users"."id" = $1 LIMIT $2[0m  [["id", 1], ["LIMIT", 1]]
  [1m[36mArticle Create (0.3ms)[0m  [1m[32mINSERT INTO "articles" ("title", "content", "user_id", "created_at", "updated_at") VALUES ($1, $2, $3, $4, $5) RETURNING "id"[0m  [["title", "Rory Storm"], ["content", "Do you think I am easier to be played on than a pipe?"], ["user_id", 1], ["created_at", "2021-03-02 10:43:41.743517"], ["updated_at", "2021-03-02 10:43:41.743517"]]
  [1m[36mTRANSACTION (0.4ms)[0m  [1m[35mCOMMIT[0m
  [1m[36mTRANSACTION (0.1ms)[0m  [1m[35mBEGIN[0m
  [1m[36mUser Load (1.1ms)[0m  [1m[34mSELECT "users".* FROM "users" WHERE "users"."id" = $1 LIMIT $2[0m  [["id", 1], ["LIMIT", 1]]
  [1m[36mArticle Create (0.3ms)[0m  [1m[32mINSERT INTO "articles" ("title", "content", "user_id", "created_at", "updated_at") VALUES ($1, $2, $3, $4, $5) RETURNING "id"[0m  [["title", "Fletcher Bisceps"], ["content", "I will speak daggers to her, but use none."], ["user_id", 1], ["created_at", "2021-03-02 10:43:41.752019"], ["updated_at", "2021-03-02 10:43:41.752019"]]
  [1m[36mTRANSACTION (0.4ms)[0m  [1m[35mCOMMIT[0m
  [1m[36mTRANSACTION (0.1ms)[0m  [1m[35mBEGIN[0m
  [1m[36mUser Load (0.3ms)[0m  [1m[34mSELECT "users".* FROM "users" WHERE "users"."id" = $1 LIMIT $2[0m  [["id", 1], ["LIMIT", 1]]
  [1m[36mArticle Create (0.6ms)[0m  [1m[32mINSERT INTO "articles" ("title", "content", "user_id", "created_at", "updated_at") VALUES ($1, $2, $3, $4, $5) RETURNING "id"[0m  [["title", "Sal Ami"], ["content", "The lady doth protest too much, methinks."], ["user_id", 1], ["created_at", "2021-03-02 10:43:41.759480"], ["updated_at", "2021-03-02 10:43:41.759480"]]
  [1m[36mTRANSACTION (1.2ms)[0m  [1m[35mCOMMIT[0m
  [1m[36mTRANSACTION (0.2ms)[0m  [1m[35mBEGIN[0m
  [1m[36mUser Load (0.2ms)[0m  [1m[34mSELECT "users".* FROM "users" WHERE "users"."id" = $1 LIMIT $2[0m  [["id", 1], ["LIMIT", 1]]
  [1m[36mArticle Create (0.3ms)[0m  [1m[32mINSERT INTO "articles" ("title", "content", "user_id", "created_at", "updated_at") VALUES ($1, $2, $3, $4, $5) RETURNING "id"[0m  [["title", "Bill Overdew"], ["content", "In my mind's eye."], ["user_id", 1], ["created_at", "2021-03-02 10:43:41.768265"], ["updated_at", "2021-03-02 10:43:41.768265"]]
  [1m[36mTRANSACTION (0.4ms)[0m  [1m[35mCOMMIT[0m
  [1m[36mTRANSACTION (0.1ms)[0m  [1m[35mBEGIN[0m
  [1m[36mUser Load (0.3ms)[0m  [1m[34mSELECT "users".* FROM "users" WHERE "users"."id" = $1 LIMIT $2[0m  [["id", 1], ["LIMIT", 1]]
  [1m[36mArticle Create (0.5ms)[0m  [1m[32mINSERT INTO "articles" ("title", "content", "user_id", "created_at", "updated_at") VALUES ($1, $2, $3, $4, $5) RETURNING "id"[0m  [["title", "Lina Ginster"], ["content", "When sorrows come, they come not single spies, but in battalions."], ["user_id", 1], ["created_at", "2021-03-02 10:43:41.776671"], ["updated_at", "2021-03-02 10:43:41.776671"]]
  [1m[36mTRANSACTION (0.6ms)[0m  [1m[35mCOMMIT[0m
  [1m[36mTRANSACTION (0.2ms)[0m  [1m[35mBEGIN[0m
  [1m[36mUser Load (0.3ms)[0m  [1m[34mSELECT "users".* FROM "users" WHERE "users"."id" = $1 LIMIT $2[0m  [["id", 1], ["LIMIT", 1]]
  [1m[36mArticle Create (0.5ms)[0m  [1m[32mINSERT INTO "articles" ("title", "content", "user_id", "created_at", "updated_at") VALUES ($1, $2, $3, $4, $5) RETURNING "id"[0m  [["title", "Darrell B. Moore"], ["content", "This above all: to thine own self be true."], ["user_id", 1], ["created_at", "2021-03-02 10:43:41.787914"], ["updated_at", "2021-03-02 10:43:41.787914"]]
  [1m[36mTRANSACTION (0.4ms)[0m  [1m[35mCOMMIT[0m
  [1m[36mTRANSACTION (0.2ms)[0m  [1m[35mBEGIN[0m
  [1m[36mUser Load (0.2ms)[0m  [1m[34mSELECT "users".* FROM "users" WHERE "users"."id" = $1 LIMIT $2[0m  [["id", 1], ["LIMIT", 1]]
  [1m[36mArticle Create (0.4ms)[0m  [1m[32mINSERT INTO "articles" ("title", "content", "user_id", "created_at", "updated_at") VALUES ($1, $2, $3, $4, $5) RETURNING "id"[0m  [["title", "Vlad Tire"], ["content", "The lady doth protest too much, methinks."], ["user_id", 1], ["created_at", "2021-03-02 10:43:41.795478"], ["updated_at", "2021-03-02 10:43:41.795478"]]
  [1m[36mTRANSACTION (0.4ms)[0m  [1m[35mCOMMIT[0m
Started GET "/" for ::1 at 2021-03-02 11:44:20 +0100
  [1m[35m (1.0ms)[0m  [1m[34mSELECT "schema_migrations"."version" FROM "schema_migrations" ORDER BY "schema_migrations"."version" ASC[0m
Processing by Rails::WelcomeController#index as HTML
  Rendering /Users/dylanpecqueux/.rvm/gems/ruby-2.7.1/gems/railties-6.1.3/lib/rails/templates/rails/welcome/index.html.erb
  Rendered /Users/dylanpecqueux/.rvm/gems/ruby-2.7.1/gems/railties-6.1.3/lib/rails/templates/rails/welcome/index.html.erb (Duration: 16.4ms | Allocations: 409)
Completed 200 OK in 129ms (Views: 36.9ms | ActiveRecord: 0.0ms | Allocations: 3518)


Started GET "/favicon.ico" for ::1 at 2021-03-02 11:44:21 +0100
  
ActionController::RoutingError (No route matches [GET] "/favicon.ico"):
  
Started GET "/articles" for ::1 at 2021-03-02 11:44:28 +0100
Processing by ArticlesController#index as HTML
  [1m[36mArticle Load (3.9ms)[0m  [1m[34mSELECT "articles".* FROM "articles"[0m
  ↳ app/controllers/articles_controller.rb:8:in `index'
Completed 200 OK in 42ms (Views: 21.5ms | ActiveRecord: 12.6ms | Allocations: 5535)


Started GET "/user/1" for ::1 at 2021-03-02 11:44:53 +0100
  
ActionController::RoutingError (No route matches [GET] "/user/1"):
  
Started GET "/users" for ::1 at 2021-03-02 11:44:55 +0100
  
ActionController::RoutingError (No route matches [GET] "/users"):
  
Started GET "/user/1" for ::1 at 2021-03-02 11:55:24 +0100
  
ActionController::RoutingError (No route matches [GET] "/user/1"):
  
Started POST "/users/sign_in" for ::1 at 2021-03-02 12:06:07 +0100
Processing by Devise::SessionsController#create as */*
  Parameters: {"email"=>"autre@autre.fr", "password"=>"[FILTERED]", "password_confirmation"=>"[FILTERED]", "session"=>{"email"=>"autre@autre.fr", "password"=>"[FILTERED]", "password_confirmation"=>"[FILTERED]"}}
Completed 401 Unauthorized in 1ms (Allocations: 226)


Processing by Devise::SessionsController#new as */*
  Parameters: {"email"=>"autre@autre.fr", "password"=>"[FILTERED]", "password_confirmation"=>"[FILTERED]", "session"=>{"email"=>"autre@autre.fr", "password"=>"[FILTERED]", "password_confirmation"=>"[FILTERED]"}}
Completed 200 OK in 113ms (Views: 0.2ms | ActiveRecord: 27.3ms | Allocations: 6527)


Started POST "/users/sign_up" for ::1 at 2021-03-02 12:06:46 +0100
  
ActionController::RoutingError (No route matches [POST] "/users/sign_up"):
  
Started POST "/users" for ::1 at 2021-03-02 12:08:26 +0100
Processing by Devise::RegistrationsController#create as */*
  Parameters: {"email"=>"autre@autre.fr", "password"=>"[FILTERED]", "password_confirmation"=>"[FILTERED]", "registration"=>{"email"=>"autre@autre.fr", "password"=>"[FILTERED]", "password_confirmation"=>"[FILTERED]"}}
  [1m[36mTRANSACTION (0.4ms)[0m  [1m[35mBEGIN[0m
  [1m[36mUser Create (56.5ms)[0m  [1m[32mINSERT INTO "users" ("created_at", "updated_at") VALUES ($1, $2) RETURNING "id"[0m  [["created_at", "2021-03-02 11:08:26.844604"], ["updated_at", "2021-03-02 11:08:26.844604"]]
  [1m[36mTRANSACTION (3.6ms)[0m  [1m[35mCOMMIT[0m
Completed 200 OK in 98ms (Views: 0.5ms | ActiveRecord: 60.5ms | Allocations: 3280)


Started GET "/articles" for ::1 at 2021-03-02 12:09:18 +0100
Processing by ArticlesController#index as */*
  [1m[36mArticle Load (1.7ms)[0m  [1m[34mSELECT "articles".* FROM "articles"[0m
  ↳ app/controllers/articles_controller.rb:8:in `index'
Completed 200 OK in 8ms (Views: 6.1ms | ActiveRecord: 1.7ms | Allocations: 1610)


Started POST "/sign_in" for ::1 at 2021-03-02 12:09:51 +0100
  
ActionController::RoutingError (No route matches [POST] "/sign_in"):
  
Started POST "/users/sign_in" for ::1 at 2021-03-02 12:10:00 +0100
Processing by Devise::SessionsController#create as */*
  Parameters: {"email"=>"moi@moi.fr", "password"=>"[FILTERED]", "password_confirmation"=>"[FILTERED]", "session"=>{"email"=>"moi@moi.fr", "password"=>"[FILTERED]", "password_confirmation"=>"[FILTERED]"}}
Completed 401 Unauthorized in 1ms (ActiveRecord: 0.0ms | Allocations: 124)


Processing by Devise::SessionsController#new as */*
  Parameters: {"email"=>"moi@moi.fr", "password"=>"[FILTERED]", "password_confirmation"=>"[FILTERED]", "session"=>{"email"=>"moi@moi.fr", "password"=>"[FILTERED]", "password_confirmation"=>"[FILTERED]"}}
Completed 200 OK in 3ms (Views: 0.1ms | ActiveRecord: 0.0ms | Allocations: 208)


Started POST "/api/login" for ::1 at 2021-03-02 12:13:20 +0100
  
ActionController::RoutingError (No route matches [POST] "/api/login"):
  
Started POST "/api/login" for ::1 at 2021-03-02 12:34:21 +0100
  [1m[35m (7.4ms)[0m  [1m[34mSELECT "schema_migrations"."version" FROM "schema_migrations" ORDER BY "schema_migrations"."version" ASC[0m
  
ActionController::RoutingError (uninitialized constant SessionsController):
  
Started POST "/api/login" for ::1 at 2021-03-02 12:36:08 +0100
  
ActionController::RoutingError (uninitialized constant SessionsController):
  
Started POST "/api/login" for ::1 at 2021-03-02 13:45:57 +0100
  [1m[35m (0.7ms)[0m  [1m[34mSELECT "schema_migrations"."version" FROM "schema_migrations" ORDER BY "schema_migrations"."version" ASC[0m
Processing by SessionsController#create as JSON
  Parameters: {"user"=>{"email"=>"moi@moi.fr", "password"=>"[FILTERED]"}, "session"=>{"user"=>{"email"=>"moi@moi.fr", "password"=>"[FILTERED]"}}}
  [1m[36mUser Load (13.9ms)[0m  [1m[34mSELECT "users".* FROM "users" WHERE "users"."email" = $1 ORDER BY "users"."id" ASC LIMIT $2[0m  [["email", "moi@moi.fr"], ["LIMIT", 1]]
Completed 500 Internal Server Error in 322ms (ActiveRecord: 26.5ms | Allocations: 9750)


  
ArgumentError (Missing host to link to! Please provide the :host parameter, set default_url_options[:host], or set :only_path to true):
  
app/serializable/SerializableUser.rb:7:in `block in <class:SerializableUser>'
app/controllers/application_controller.rb:4:in `render_jsonapi_response'
app/controllers/sessions_controller.rb:5:in `respond_with'
Started GET "/articles" for ::1 at 2021-03-02 13:49:34 +0100
Processing by ArticlesController#index as */*
  [1m[36mArticle Load (9.6ms)[0m  [1m[34mSELECT "articles".* FROM "articles"[0m
  ↳ app/controllers/articles_controller.rb:8:in `index'
Completed 200 OK in 63ms (Views: 36.7ms | ActiveRecord: 13.6ms | Allocations: 4993)


Started POST "/login" for ::1 at 2021-03-02 13:49:50 +0100
  
ActionController::RoutingError (No route matches [POST] "/login"):
  
Started POST "/users/sign_in" for ::1 at 2021-03-02 13:50:05 +0100
  
ActionController::RoutingError (No route matches [POST] "/users/sign_in"):
  
Started POST "/users" for ::1 at 2021-03-02 13:50:19 +0100
  
ActionController::RoutingError (No route matches [POST] "/users"):
  
Started POST "/api/login" for ::1 at 2021-03-02 13:50:51 +0100
Processing by SessionsController#create as JSON
  Parameters: {"user"=>{"email"=>"moi@moi.fr", "password"=>"[FILTERED]"}, "session"=>{"user"=>{"email"=>"moi@moi.fr", "password"=>"[FILTERED]"}}}
  [1m[36mUser Load (0.5ms)[0m  [1m[34mSELECT "users".* FROM "users" WHERE "users"."email" = $1 ORDER BY "users"."id" ASC LIMIT $2[0m  [["email", "moi@moi.fr"], ["LIMIT", 1]]
Completed 500 Internal Server Error in 291ms (ActiveRecord: 0.5ms | Allocations: 1539)


  
ArgumentError (Missing host to link to! Please provide the :host parameter, set default_url_options[:host], or set :only_path to true):
  
app/serializable/SerializableUser.rb:7:in `block in <class:SerializableUser>'
app/controllers/application_controller.rb:4:in `render_jsonapi_response'
app/controllers/sessions_controller.rb:5:in `respond_with'
Started POST "/api/login" for ::1 at 2021-03-02 13:52:07 +0100
Processing by SessionsController#create as JSON
  Parameters: {"email"=>"moi@moi.fr", "password"=>"[FILTERED]", "session"=>{"email"=>"moi@moi.fr", "password"=>"[FILTERED]"}}
Completed 401 Unauthorized in 1ms (ActiveRecord: 0.0ms | Allocations: 117)


Started POST "/api/login" for ::1 at 2021-03-02 13:52:22 +0100
Processing by SessionsController#create as JSON
  Parameters: {"user"=>{"email"=>"moi@moi.fr", "password"=>"[FILTERED]"}, "session"=>{"user"=>{"email"=>"moi@moi.fr", "password"=>"[FILTERED]"}}}
  [1m[36mUser Load (0.3ms)[0m  [1m[34mSELECT "users".* FROM "users" WHERE "users"."email" = $1 ORDER BY "users"."id" ASC LIMIT $2[0m  [["email", "moi@moi.fr"], ["LIMIT", 1]]
Completed 500 Internal Server Error in 261ms (ActiveRecord: 0.3ms | Allocations: 1569)


  
ArgumentError (Missing host to link to! Please provide the :host parameter, set default_url_options[:host], or set :only_path to true):
  
app/serializable/SerializableUser.rb:7:in `block in <class:SerializableUser>'
app/controllers/application_controller.rb:4:in `render_jsonapi_response'
app/controllers/sessions_controller.rb:5:in `respond_with'
Started POST "/api/login" for ::1 at 2021-03-02 14:00:25 +0100
Processing by SessionsController#create as JSON
  Parameters: {"user"=>{"email"=>"moi@moi.fr", "password"=>"[FILTERED]"}, "session"=>{"user"=>{"email"=>"moi@moi.fr", "password"=>"[FILTERED]"}}}
  [1m[36mUser Load (1.4ms)[0m  [1m[34mSELECT "users".* FROM "users" WHERE "users"."email" = $1 ORDER BY "users"."id" ASC LIMIT $2[0m  [["email", "moi@moi.fr"], ["LIMIT", 1]]
Completed 500 Internal Server Error in 328ms (ActiveRecord: 34.8ms | Allocations: 3741)


  
ArgumentError (Missing host to link to! Please provide the :host parameter, set default_url_options[:host], or set :only_path to true):
  
app/serializable/SerializableUser.rb:7:in `block in <class:SerializableUser>'
app/controllers/application_controller.rb:4:in `render_jsonapi_response'
app/controllers/sessions_controller.rb:5:in `respond_with'
Started POST "/api/login" for ::1 at 2021-03-02 14:00:34 +0100
Processing by SessionsController#create as JSON
  Parameters: {"user"=>{"email"=>"moi@moi.fr", "password"=>"[FILTERED]"}, "session"=>{"user"=>{"email"=>"moi@moi.fr", "password"=>"[FILTERED]"}}}
  [1m[36mUser Load (1.2ms)[0m  [1m[34mSELECT "users".* FROM "users" WHERE "users"."email" = $1 ORDER BY "users"."id" ASC LIMIT $2[0m  [["email", "moi@moi.fr"], ["LIMIT", 1]]
Completed 500 Internal Server Error in 264ms (ActiveRecord: 1.2ms | Allocations: 1536)


  
ArgumentError (Missing host to link to! Please provide the :host parameter, set default_url_options[:host], or set :only_path to true):
  
app/serializable/SerializableUser.rb:7:in `block in <class:SerializableUser>'
app/controllers/application_controller.rb:4:in `render_jsonapi_response'
app/controllers/sessions_controller.rb:5:in `respond_with'
Started POST "/api/login" for ::1 at 2021-03-02 14:17:37 +0100
  [1m[35m (0.8ms)[0m  [1m[34mSELECT "schema_migrations"."version" FROM "schema_migrations" ORDER BY "schema_migrations"."version" ASC[0m
Processing by SessionsController#create as JSON
  Parameters: {"user"=>{"email"=>"moi@moi.fr", "password"=>"[FILTERED]"}, "session"=>{"user"=>{"email"=>"moi@moi.fr", "password"=>"[FILTERED]"}}}
  [1m[36mUser Load (0.6ms)[0m  [1m[34mSELECT "users".* FROM "users" WHERE "users"."email" = $1 ORDER BY "users"."id" ASC LIMIT $2[0m  [["email", "moi@moi.fr"], ["LIMIT", 1]]
Completed 200 OK in 326ms (Views: 2.5ms | ActiveRecord: 10.5ms | Allocations: 9644)


Started GET "/api/users/1" for ::1 at 2021-03-02 14:18:58 +0100
Processing by Api::UsersController#show as JSON
  Parameters: {"id"=>"1"}
Completed 401 Unauthorized in 7ms (ActiveRecord: 0.0ms | Allocations: 90)


Started POST "/api/signup" for ::1 at 2021-03-02 14:21:12 +0100
  
ActionController::RoutingError (uninitialized constant RegistrationsController
Did you mean?  RegistrationController):
  
Started POST "/api/signup" for ::1 at 2021-03-02 14:22:17 +0100
Processing by RegistrationsController#create as JSON
  Parameters: {"user"=>{"email"=>"autre@autre.fr", "password"=>"[FILTERED]", "password_confirmation"=>"[FILTERED]"}, "registration"=>{"user"=>{"email"=>"autre@autre.fr", "password"=>"[FILTERED]", "password_confirmation"=>"[FILTERED]"}}}
  [1m[36mTRANSACTION (0.2ms)[0m  [1m[35mBEGIN[0m
  ↳ app/controllers/registrations_controller.rb:4:in `create'
  [1m[36mUser Create (1.8ms)[0m  [1m[32mINSERT INTO "users" ("email", "encrypted_password", "created_at", "updated_at") VALUES ($1, $2, $3, $4) RETURNING "id"[0m  [["email", "autre@autre.fr"], ["encrypted_password", "$2a$12$G3iMZ2/A2cRMIsgWaX8VrOJERZsyXtM4yBExWSRnlpAFW4NBAxKqO"], ["created_at", "2021-03-02 13:22:18.333414"], ["updated_at", "2021-03-02 13:22:18.333414"]]
  ↳ app/controllers/registrations_controller.rb:4:in `create'
  [1m[36mTRANSACTION (74.7ms)[0m  [1m[35mCOMMIT[0m
  ↳ app/controllers/registrations_controller.rb:4:in `create'
Completed 200 OK in 367ms (Views: 2.4ms | ActiveRecord: 84.5ms | Allocations: 6561)


Started POST "/api/signup" for ::1 at 2021-03-02 14:22:48 +0100
Processing by RegistrationsController#create as JSON
  Parameters: {"user"=>{"email"=>"autree@autre.fr", "password"=>"[FILTERED]", "password_confirmation"=>"[FILTERED]"}, "registration"=>{"user"=>{"email"=>"autree@autre.fr", "password"=>"[FILTERED]", "password_confirmation"=>"[FILTERED]"}}}
  [1m[36mTRANSACTION (0.1ms)[0m  [1m[35mBEGIN[0m
  ↳ app/controllers/registrations_controller.rb:4:in `create'
  [1m[36mUser Create (0.5ms)[0m  [1m[32mINSERT INTO "users" ("email", "encrypted_password", "created_at", "updated_at") VALUES ($1, $2, $3, $4) RETURNING "id"[0m  [["email", "autree@autre.fr"], ["encrypted_password", "$2a$12$c4Z9XHxPOYgwe.fSB7UP2upNN0g7QmqkR5/U5G/DLwY7QkdOMmbAS"], ["created_at", "2021-03-02 13:22:48.301574"], ["updated_at", "2021-03-02 13:22:48.301574"]]
  ↳ app/controllers/registrations_controller.rb:4:in `create'
  [1m[36mTRANSACTION (1.2ms)[0m  [1m[35mCOMMIT[0m
  ↳ app/controllers/registrations_controller.rb:4:in `create'
Completed 200 OK in 280ms (Views: 0.8ms | ActiveRecord: 1.8ms | Allocations: 2367)


Started POST "/articles" for ::1 at 2021-03-02 14:40:59 +0100
  [1m[35m (12.9ms)[0m  [1m[34mSELECT "schema_migrations"."version" FROM "schema_migrations" ORDER BY "schema_migrations"."version" ASC[0m
Processing by ArticlesController#create as */*
  Parameters: {"title"=>"test", "content"=>"ça marche !!", "article"=>{"title"=>"test", "content"=>"ça marche !!"}}
Completed 422 Unprocessable Entity in 660ms (Views: 597.5ms | ActiveRecord: 15.2ms | Allocations: 213574)


Started POST "/articles" for ::1 at 2021-03-02 14:41:46 +0100
Processing by ArticlesController#create as */*
  Parameters: {"title"=>"test", "content"=>"ça marche !!", "article"=>{"title"=>"test", "content"=>"ça marche !!"}}
Completed 422 Unprocessable Entity in 48ms (Views: 1.1ms | ActiveRecord: 20.2ms | Allocations: 3008)


Started POST "/articles" for ::1 at 2021-03-02 14:41:50 +0100
Processing by ArticlesController#create as */*
  Parameters: {"title"=>"test", "content"=>"ça marche !!", "article"=>{"title"=>"test", "content"=>"ça marche !!"}}
Completed 422 Unprocessable Entity in 3ms (Views: 1.1ms | ActiveRecord: 0.0ms | Allocations: 596)


Started POST "/articles" for ::1 at 2021-03-02 14:44:45 +0100
Processing by ArticlesController#create as */*
  Parameters: {"title"=>"test", "content"=>"ça marche !!", "user_id"=>4, "article"=>{"title"=>"test", "content"=>"ça marche !!", "user_id"=>4}}
[31mUnpermitted parameter: :user_id[0m
Completed 422 Unprocessable Entity in 4ms (Views: 1.3ms | ActiveRecord: 0.0ms | Allocations: 624)


Started POST "/articles" for ::1 at 2021-03-02 14:45:01 +0100
Processing by ArticlesController#create as */*
  Parameters: {"title"=>"test", "content"=>"ça marche !!", "user_id"=>4, "article"=>{"title"=>"test", "content"=>"ça marche !!", "user_id"=>4}}
[31mUnpermitted parameter: :user_id[0m
Completed 422 Unprocessable Entity in 4ms (Views: 1.1ms | ActiveRecord: 0.0ms | Allocations: 622)


Started POST "/articles" for ::1 at 2021-03-02 14:45:10 +0100
Processing by ArticlesController#create as */*
  Parameters: {"title"=>"test", "content"=>"ça marche !!", "user_id"=>4, "article"=>{"title"=>"test", "content"=>"ça marche !!", "user_id"=>4}}
[31mUnpermitted parameter: :user_id[0m
Completed 422 Unprocessable Entity in 16ms (Views: 1.9ms | ActiveRecord: 0.0ms | Allocations: 608)


Started POST "/articles" for ::1 at 2021-03-02 14:45:35 +0100
Processing by ArticlesController#create as */*
  Parameters: {"title"=>"test", "content"=>"ça marche !!", "user"=>4, "article"=>{"title"=>"test", "content"=>"ça marche !!"}}
Completed 422 Unprocessable Entity in 2ms (Views: 0.6ms | ActiveRecord: 0.0ms | Allocations: 582)


Started POST "/articles" for ::1 at 2021-03-02 14:45:48 +0100
Processing by ArticlesController#create as */*
  Parameters: {"title"=>"test", "content"=>"ça marche !!", "user"=>[4], "article"=>{"title"=>"test", "content"=>"ça marche !!"}}
Completed 422 Unprocessable Entity in 3ms (Views: 1.0ms | ActiveRecord: 0.0ms | Allocations: 582)


Started GET "/articles" for ::1 at 2021-03-02 14:46:54 +0100
Processing by ArticlesController#index as HTML
  [1m[36mArticle Load (13.2ms)[0m  [1m[34mSELECT "articles".* FROM "articles"[0m
  ↳ app/controllers/articles_controller.rb:9:in `index'
Completed 200 OK in 80ms (Views: 65.9ms | ActiveRecord: 13.2ms | Allocations: 1661)


Started POST "/articles" for ::1 at 2021-03-02 14:47:15 +0100
Processing by ArticlesController#create as */*
  Parameters: {"title"=>"test", "content"=>"ça marche !!", "user_id"=>1, "article"=>{"title"=>"test", "content"=>"ça marche !!", "user_id"=>1}}
[31mUnpermitted parameter: :user_id[0m
Completed 422 Unprocessable Entity in 47ms (Views: 1.5ms | ActiveRecord: 0.0ms | Allocations: 608)


Started POST "/api/signin" for ::1 at 2021-03-02 14:48:14 +0100
  
ActionController::RoutingError (No route matches [POST] "/api/signin"):
  
Error occurred while parsing request parameters.
Contents:

{
	"user": {
	"email": "autree@autre.fr",
	"password": "azerty",
	}
}
Started POST "/api/signin" for ::1 at 2021-03-02 14:48:22 +0100
  
ActionController::RoutingError (No route matches [POST] "/api/signin"):
  
Started POST "/api/signup" for ::1 at 2021-03-02 14:48:34 +0100
Processing by RegistrationsController#create as JSON
  Parameters: {"user"=>{"email"=>"autree@autre.fr", "password"=>"[FILTERED]", "password_confirmation"=>"[FILTERED]"}, "registration"=>{"user"=>{"email"=>"autree@autre.fr", "password"=>"[FILTERED]", "password_confirmation"=>"[FILTERED]"}}}
  [1m[36mTRANSACTION (0.2ms)[0m  [1m[35mBEGIN[0m
  ↳ app/controllers/registrations_controller.rb:4:in `create'
  [1m[36mUser Create (31.0ms)[0m  [1m[32mINSERT INTO "users" ("email", "encrypted_password", "created_at", "updated_at") VALUES ($1, $2, $3, $4) RETURNING "id"[0m  [["email", "autree@autre.fr"], ["encrypted_password", "$2a$12$ByIT3EobqUEW9rUMvHlTteHXgXYQY9hFVqQH3HBY.B5BH7LfjIzNK"], ["created_at", "2021-03-02 13:48:35.075373"], ["updated_at", "2021-03-02 13:48:35.075373"]]
  ↳ app/controllers/registrations_controller.rb:4:in `create'
  [1m[36mTRANSACTION (0.2ms)[0m  [1m[31mROLLBACK[0m
  ↳ app/controllers/registrations_controller.rb:4:in `create'
Completed 500 Internal Server Error in 492ms (ActiveRecord: 49.1ms | Allocations: 6608)


  
ActiveRecord::RecordNotUnique (PG::UniqueViolation: ERROR:  duplicate key value violates unique constraint "index_users_on_email"
DETAIL:  Key (email)=(autree@autre.fr) already exists.
):
  
app/controllers/registrations_controller.rb:4:in `create'
Started POST "/api/signin" for ::1 at 2021-03-02 14:48:56 +0100
  
ActionController::RoutingError (No route matches [POST] "/api/signin"):
  
Started POST "/api/signin" for ::1 at 2021-03-02 14:49:04 +0100
  
ActionController::RoutingError (No route matches [POST] "/api/signin"):
  
Started POST "/api/login" for ::1 at 2021-03-02 14:49:31 +0100
Processing by SessionsController#create as JSON
  Parameters: {"user"=>{"email"=>"autree@autre.fr", "password"=>"[FILTERED]"}, "session"=>{"user"=>{"email"=>"autree@autre.fr", "password"=>"[FILTERED]"}}}
  [1m[36mUser Load (0.7ms)[0m  [1m[34mSELECT "users".* FROM "users" WHERE "users"."email" = $1 ORDER BY "users"."id" ASC LIMIT $2[0m  [["email", "autree@autre.fr"], ["LIMIT", 1]]
Completed 200 OK in 446ms (Views: 3.2ms | ActiveRecord: 1.1ms | Allocations: 2421)


Started POST "/api/login" for ::1 at 2021-03-02 14:51:38 +0100
Processing by SessionsController#create as JSON
  Parameters: {"user"=>{"email"=>"autree@autre.fr", "password"=>"[FILTERED]"}, "session"=>{"user"=>{"email"=>"autree@autre.fr", "password"=>"[FILTERED]"}}}
  [1m[36mUser Load (0.7ms)[0m  [1m[34mSELECT "users".* FROM "users" WHERE "users"."email" = $1 ORDER BY "users"."id" ASC LIMIT $2[0m  [["email", "autree@autre.fr"], ["LIMIT", 1]]
Completed 200 OK in 314ms (Views: 0.6ms | ActiveRecord: 0.7ms | Allocations: 1570)


Started POST "/articles" for ::1 at 2021-03-02 14:52:21 +0100
Processing by ArticlesController#create as */*
  Parameters: {"title"=>"test", "content"=>"ça marche !!", "user_id"=>1, "article"=>{"title"=>"test", "content"=>"ça marche !!", "user_id"=>1}}
[31mUnpermitted parameter: :user_id[0m
Completed 422 Unprocessable Entity in 6ms (Views: 1.1ms | ActiveRecord: 0.0ms | Allocations: 608)


Started POST "/articles" for ::1 at 2021-03-02 14:52:30 +0100
Processing by ArticlesController#create as */*
  Parameters: {"title"=>"test", "content"=>"ça marche !!", "user_id"=>4, "article"=>{"title"=>"test", "content"=>"ça marche !!", "user_id"=>4}}
[31mUnpermitted parameter: :user_id[0m
Completed 422 Unprocessable Entity in 6ms (Views: 0.7ms | ActiveRecord: 0.0ms | Allocations: 608)


Started POST "/articles" for ::1 at 2021-03-02 14:52:39 +0100
Processing by ArticlesController#create as */*
  Parameters: {"title"=>"test", "content"=>"ça marche !!", "article"=>{"title"=>"test", "content"=>"ça marche !!"}}
Completed 422 Unprocessable Entity in 2ms (Views: 0.7ms | ActiveRecord: 0.0ms | Allocations: 582)


Started POST "/articles" for ::1 at 2021-03-02 14:54:33 +0100
Processing by ArticlesController#create as */*
  Parameters: {"data"=>{"title"=>"test", "content"=>"ça marche !!"}, "article"=>{}}
Completed 400 Bad Request in 0ms (ActiveRecord: 0.0ms | Allocations: 153)


  
ActionController::ParameterMissing (param is missing or the value is empty: article
Did you mean?  article
               controller
               action
               data):
  
app/controllers/articles_controller.rb:51:in `article_params'
app/controllers/articles_controller.rb:19:in `create'
Started POST "/articles" for ::1 at 2021-03-02 14:54:51 +0100
Processing by ArticlesController#create as */*
  Parameters: {"article"=>{"title"=>"test", "content"=>"ça marche !!"}}
Completed 422 Unprocessable Entity in 8ms (Views: 0.8ms | ActiveRecord: 0.0ms | Allocations: 582)


Started POST "/articles" for ::1 at 2021-03-02 14:55:00 +0100
Processing by ArticlesController#create as */*
  Parameters: {"data"=>{"title"=>"test", "content"=>"ça marche !!"}, "article"=>{}}
Completed 400 Bad Request in 1ms (ActiveRecord: 0.0ms | Allocations: 150)


  
ActionController::ParameterMissing (param is missing or the value is empty: article
Did you mean?  article
               controller
               action
               data):
  
app/controllers/articles_controller.rb:51:in `article_params'
app/controllers/articles_controller.rb:19:in `create'
Started POST "/articles" for ::1 at 2021-03-02 14:55:17 +0100
Processing by ArticlesController#create as */*
  Parameters: {"article"=>{"title"=>"test", "content"=>"ça marche !!"}}
Completed 422 Unprocessable Entity in 3ms (Views: 0.7ms | ActiveRecord: 0.0ms | Allocations: 582)


Started POST "/articles" for ::1 at 2021-03-02 14:58:52 +0100
Processing by ArticlesController#create as */*
  Parameters: {"title"=>"test", "content"=>"ça marche !!", "user"=>4, "article"=>{"title"=>"test", "content"=>"ça marche !!"}}
Completed 422 Unprocessable Entity in 7ms (Views: 0.9ms | ActiveRecord: 0.0ms | Allocations: 582)


Started POST "/articles" for ::1 at 2021-03-02 15:01:15 +0100
Processing by ArticlesController#create as */*
  Parameters: {"title"=>"test", "content"=>"ça marche !!", "user"=>4, "article"=>{"title"=>"test", "content"=>"ça marche !!"}}
Completed 422 Unprocessable Entity in 17ms (Views: 2.2ms | ActiveRecord: 0.0ms | Allocations: 582)


Started POST "/api/login" for ::1 at 2021-03-02 15:02:08 +0100
Processing by SessionsController#create as JSON
  Parameters: {"user"=>{"email"=>"autre@autre.fr", "password"=>"[FILTERED]"}, "session"=>{"user"=>{"email"=>"autre@autre.fr", "password"=>"[FILTERED]"}}}
  [1m[36mUser Load (0.4ms)[0m  [1m[34mSELECT "users".* FROM "users" WHERE "users"."email" = $1 ORDER BY "users"."id" ASC LIMIT $2[0m  [["email", "autre@autre.fr"], ["LIMIT", 1]]
Completed 200 OK in 364ms (Views: 11.3ms | ActiveRecord: 0.4ms | Allocations: 1561)


Started POST "/articles" for ::1 at 2021-03-02 15:02:38 +0100
Processing by ArticlesController#create as */*
  Parameters: {"title"=>"test", "content"=>"ça marche !!", "user"=>4, "article"=>{"title"=>"test", "content"=>"ça marche !!"}}
Completed 422 Unprocessable Entity in 4ms (Views: 1.3ms | ActiveRecord: 0.0ms | Allocations: 582)


Started POST "/articles" for ::1 at 2021-03-02 15:02:51 +0100
Processing by ArticlesController#create as */*
  Parameters: {"title"=>"test", "content"=>"ça marche !!", "article"=>{"title"=>"test", "content"=>"ça marche !!"}}
Completed 422 Unprocessable Entity in 45ms (Views: 0.8ms | ActiveRecord: 0.0ms | Allocations: 583)


Started POST "/articles" for ::1 at 2021-03-02 15:03:03 +0100
Processing by ArticlesController#create as */*
  Parameters: {"title"=>"test", "content"=>"ça marche !!", "article"=>{"title"=>"test", "content"=>"ça marche !!"}}
Completed 422 Unprocessable Entity in 4ms (Views: 1.4ms | ActiveRecord: 0.0ms | Allocations: 582)


Started POST "/articles" for ::1 at 2021-03-02 15:03:41 +0100
Processing by ArticlesController#create as */*
  Parameters: {"title"=>"test", "content"=>"ça marche !!", "article"=>{"title"=>"test", "content"=>"ça marche !!"}}
Completed 422 Unprocessable Entity in 2ms (Views: 0.8ms | ActiveRecord: 0.0ms | Allocations: 582)


  [1m[35m (352.5ms)[0m  [1m[35mCREATE DATABASE "blog_api_development" ENCODING = 'unicode'[0m
  [1m[35m (136.1ms)[0m  [1m[35mCREATE DATABASE "blog_api_test" ENCODING = 'unicode'[0m
  [1m[35m (11.4ms)[0m  [1m[35mCREATE TABLE "schema_migrations" ("version" character varying NOT NULL PRIMARY KEY)[0m
  [1m[35m (5.4ms)[0m  [1m[35mCREATE TABLE "ar_internal_metadata" ("key" character varying NOT NULL PRIMARY KEY, "value" character varying, "created_at" timestamp(6) NOT NULL, "updated_at" timestamp(6) NOT NULL)[0m
  [1m[35m (0.4ms)[0m  [1m[34mSELECT pg_try_advisory_lock(838789120653861195)[0m
  [1m[35m (0.5ms)[0m  [1m[34mSELECT "schema_migrations"."version" FROM "schema_migrations" ORDER BY "schema_migrations"."version" ASC[0m
Migrating to CreateArticles (20210302090712)
  [1m[36mTRANSACTION (0.5ms)[0m  [1m[35mBEGIN[0m
  [1m[35m (7.1ms)[0m  [1m[35mCREATE TABLE "articles" ("id" bigserial primary key, "title" character varying, "content" text, "user_id" bigint, "created_at" timestamp(6) NOT NULL, "updated_at" timestamp(6) NOT NULL)[0m
  [1m[35m (0.9ms)[0m  [1m[35mCREATE INDEX "index_articles_on_user_id" ON "articles" ("user_id")[0m
  [1m[36mActiveRecord::SchemaMigration Create (0.9ms)[0m  [1m[32mINSERT INTO "schema_migrations" ("version") VALUES ($1) RETURNING "version"[0m  [["version", "20210302090712"]]
  [1m[36mTRANSACTION (0.6ms)[0m  [1m[35mCOMMIT[0m
Migrating to CreateJwtDenylist (20210302095814)
  [1m[36mTRANSACTION (1.1ms)[0m  [1m[35mBEGIN[0m
  [1m[35m (5.5ms)[0m  [1m[35mCREATE TABLE "jwt_denylist" ("id" bigserial primary key, "jti" character varying NOT NULL, "expired_at" timestamp NOT NULL)[0m
  [1m[35m (1.5ms)[0m  [1m[35mCREATE INDEX "index_jwt_denylist_on_jti" ON "jwt_denylist" ("jti")[0m
  [1m[36mActiveRecord::SchemaMigration Create (0.4ms)[0m  [1m[32mINSERT INTO "schema_migrations" ("version") VALUES ($1) RETURNING "version"[0m  [["version", "20210302095814"]]
  [1m[36mTRANSACTION (0.4ms)[0m  [1m[35mCOMMIT[0m
Migrating to DeviseCreateUsers (20210302101042)
  [1m[36mTRANSACTION (0.4ms)[0m  [1m[35mBEGIN[0m
  [1m[35m (3.2ms)[0m  [1m[35mCREATE TABLE "users" ("id" bigserial primary key, "email" character varying DEFAULT '' NOT NULL, "encrypted_password" character varying DEFAULT '' NOT NULL, "reset_password_token" character varying, "reset_password_sent_at" timestamp, "remember_created_at" timestamp, "created_at" timestamp(6) NOT NULL, "updated_at" timestamp(6) NOT NULL)[0m
  [1m[35m (0.9ms)[0m  [1m[35mCREATE UNIQUE INDEX "index_users_on_email" ON "users" ("email")[0m
  [1m[35m (1.0ms)[0m  [1m[35mCREATE UNIQUE INDEX "index_users_on_reset_password_token" ON "users" ("reset_password_token")[0m
  [1m[36mActiveRecord::SchemaMigration Create (0.5ms)[0m  [1m[32mINSERT INTO "schema_migrations" ("version") VALUES ($1) RETURNING "version"[0m  [["version", "20210302101042"]]
  [1m[36mTRANSACTION (0.4ms)[0m  [1m[35mCOMMIT[0m
  [1m[36mActiveRecord::InternalMetadata Load (1.3ms)[0m  [1m[34mSELECT "ar_internal_metadata".* FROM "ar_internal_metadata" WHERE "ar_internal_metadata"."key" = $1 LIMIT $2[0m  [["key", "environment"], ["LIMIT", 1]]
  [1m[36mTRANSACTION (0.3ms)[0m  [1m[35mBEGIN[0m
  [1m[36mActiveRecord::InternalMetadata Create (1.1ms)[0m  [1m[32mINSERT INTO "ar_internal_metadata" ("key", "value", "created_at", "updated_at") VALUES ($1, $2, $3, $4) RETURNING "key"[0m  [["key", "environment"], ["value", "development"], ["created_at", "2021-03-02 14:15:28.514683"], ["updated_at", "2021-03-02 14:15:28.514683"]]
  [1m[36mTRANSACTION (0.6ms)[0m  [1m[35mCOMMIT[0m
  [1m[35m (1.1ms)[0m  [1m[34mSELECT pg_advisory_unlock(838789120653861195)[0m
  [1m[35m (0.6ms)[0m  [1m[34mSELECT "schema_migrations"."version" FROM "schema_migrations" ORDER BY "schema_migrations"."version" ASC[0m
Started POST "/api/signup" for 127.0.0.1 at 2021-03-02 15:17:40 +0100
  [1m[35m (2.6ms)[0m  [1m[34mSELECT "schema_migrations"."version" FROM "schema_migrations" ORDER BY "schema_migrations"."version" ASC[0m
Processing by RegistrationsController#create as JSON
  Parameters: {"email"=>"m.joly@live.fr", "encrypted_password"=>"[FILTERED]", "registration"=>{"email"=>"m.joly@live.fr", "encrypted_password"=>"[FILTERED]"}}
  [1m[36mTRANSACTION (0.1ms)[0m  [1m[35mBEGIN[0m
  ↳ app/controllers/registrations_controller.rb:4:in `create'
  [1m[36mUser Create (4.2ms)[0m  [1m[32mINSERT INTO "users" ("created_at", "updated_at") VALUES ($1, $2) RETURNING "id"[0m  [["created_at", "2021-03-02 14:17:40.952840"], ["updated_at", "2021-03-02 14:17:40.952840"]]
  ↳ app/controllers/registrations_controller.rb:4:in `create'
  [1m[36mTRANSACTION (0.6ms)[0m  [1m[35mCOMMIT[0m
  ↳ app/controllers/registrations_controller.rb:4:in `create'
Completed 200 OK in 76ms (Views: 5.1ms | ActiveRecord: 13.4ms | Allocations: 11273)


Started GET "/api/users/1" for ::1 at 2021-03-02 15:17:52 +0100
Processing by Api::UsersController#show as JSON
  Parameters: {"id"=>"1"}
Completed 401 Unauthorized in 1ms (ActiveRecord: 0.0ms | Allocations: 92)


Started GET "/api/signup" for 127.0.0.1 at 2021-03-02 15:18:16 +0100
  
ActionController::RoutingError (No route matches [GET] "/api/signup"):
  
Started GET "/api/users/1" for ::1 at 2021-03-02 15:18:21 +0100
Processing by Api::UsersController#show as JSON
  Parameters: {"id"=>"1"}
Completed 401 Unauthorized in 0ms (ActiveRecord: 0.0ms | Allocations: 79)


Started POST "/api/signup" for ::1 at 2021-03-02 15:18:49 +0100
Processing by RegistrationsController#create as JSON
  Parameters: {"email"=>"m.joly@live.fr", "encrypted_password"=>"[FILTERED]", "registration"=>{"email"=>"m.joly@live.fr", "encrypted_password"=>"[FILTERED]"}}
  [1m[36mTRANSACTION (0.3ms)[0m  [1m[35mBEGIN[0m
  ↳ app/controllers/registrations_controller.rb:4:in `create'
  [1m[36mUser Create (2.5ms)[0m  [1m[32mINSERT INTO "users" ("created_at", "updated_at") VALUES ($1, $2) RETURNING "id"[0m  [["created_at", "2021-03-02 14:18:49.929644"], ["updated_at", "2021-03-02 14:18:49.929644"]]
  ↳ app/controllers/registrations_controller.rb:4:in `create'
  [1m[36mTRANSACTION (0.2ms)[0m  [1m[31mROLLBACK[0m
  ↳ app/controllers/registrations_controller.rb:4:in `create'
Completed 500 Internal Server Error in 12ms (ActiveRecord: 3.0ms | Allocations: 2099)


  
ActiveRecord::RecordNotUnique (PG::UniqueViolation: ERROR:  duplicate key value violates unique constraint "index_users_on_email"
DETAIL:  Key (email)=() already exists.
):
  
app/controllers/registrations_controller.rb:4:in `create'
Started GET "/api/signup" for ::1 at 2021-03-02 15:19:06 +0100
  
ActionController::RoutingError (No route matches [GET] "/api/signup"):
  
Started POST "/api/signup" for ::1 at 2021-03-02 15:19:38 +0100
Processing by RegistrationsController#create as JSON
  Parameters: {"email"=>"mathieu.joly@live.fr", "encrypted_password"=>"[FILTERED]", "registration"=>{"email"=>"mathieu.joly@live.fr", "encrypted_password"=>"[FILTERED]"}}
  [1m[36mTRANSACTION (0.2ms)[0m  [1m[35mBEGIN[0m
  ↳ app/controllers/registrations_controller.rb:4:in `create'
  [1m[36mUser Create (1.1ms)[0m  [1m[32mINSERT INTO "users" ("created_at", "updated_at") VALUES ($1, $2) RETURNING "id"[0m  [["created_at", "2021-03-02 14:19:38.632162"], ["updated_at", "2021-03-02 14:19:38.632162"]]
  ↳ app/controllers/registrations_controller.rb:4:in `create'
  [1m[36mTRANSACTION (0.2ms)[0m  [1m[31mROLLBACK[0m
  ↳ app/controllers/registrations_controller.rb:4:in `create'
Completed 500 Internal Server Error in 13ms (ActiveRecord: 1.5ms | Allocations: 1914)


  
ActiveRecord::RecordNotUnique (PG::UniqueViolation: ERROR:  duplicate key value violates unique constraint "index_users_on_email"
DETAIL:  Key (email)=() already exists.
):
  
app/controllers/registrations_controller.rb:4:in `create'
Started GET "/" for ::1 at 2021-03-02 15:20:01 +0100
Processing by Rails::WelcomeController#index as HTML
  Rendering /Users/mathieujoly/.rvm/gems/ruby-2.7.1/gems/railties-6.1.3/lib/rails/templates/rails/welcome/index.html.erb
  Rendered /Users/mathieujoly/.rvm/gems/ruby-2.7.1/gems/railties-6.1.3/lib/rails/templates/rails/welcome/index.html.erb (Duration: 25.9ms | Allocations: 183)
Completed 200 OK in 43ms (Views: 27.7ms | ActiveRecord: 0.0ms | Allocations: 2029)


Started GET "/api" for ::1 at 2021-03-02 15:20:06 +0100
  
ActionController::RoutingError (No route matches [GET] "/api"):
  
Started GET "/api/users" for ::1 at 2021-03-02 15:20:10 +0100
  
ActionController::RoutingError (No route matches [GET] "/api/users"):
  
Started POST "/api/signup" for ::1 at 2021-03-02 15:26:37 +0100
  [1m[35m (0.6ms)[0m  [1m[34mSELECT "schema_migrations"."version" FROM "schema_migrations" ORDER BY "schema_migrations"."version" ASC[0m
Processing by RegistrationsController#create as JSON
  Parameters: {"user"=>{"email"=>"monemail@email.fr", "password"=>"[FILTERED]", "password_confirmation"=>"[FILTERED]"}, "registration"=>{"user"=>{"email"=>"monemail@email.fr", "password"=>"[FILTERED]", "password_confirmation"=>"[FILTERED]"}}}
  [1m[36mTRANSACTION (0.2ms)[0m  [1m[35mBEGIN[0m
  ↳ app/controllers/registrations_controller.rb:4:in `create'
  [1m[36mUser Create (0.8ms)[0m  [1m[32mINSERT INTO "users" ("email", "encrypted_password", "created_at", "updated_at") VALUES ($1, $2, $3, $4) RETURNING "id"[0m  [["email", "monemail@email.fr"], ["encrypted_password", "$2a$12$zJTYfs5m3Fg00uIl1nheCusqhM1eUo5AKA.Zynj6irnSP3JqOPSqa"], ["created_at", "2021-03-02 14:26:37.693259"], ["updated_at", "2021-03-02 14:26:37.693259"]]
  ↳ app/controllers/registrations_controller.rb:4:in `create'
  [1m[36mTRANSACTION (1.8ms)[0m  [1m[35mCOMMIT[0m
  ↳ app/controllers/registrations_controller.rb:4:in `create'
Completed 200 OK in 452ms (Views: 1.7ms | ActiveRecord: 13.7ms | Allocations: 10686)


Started POST "/api/login" for ::1 at 2021-03-02 15:45:53 +0100
Processing by SessionsController#create as JSON
  Parameters: {"user"=>{"email"=>"monemail@email.fr", "password"=>"[FILTERED]"}, "session"=>{"user"=>{"email"=>"monemail@email.fr", "password"=>"[FILTERED]"}}}
  [1m[36mUser Load (7.5ms)[0m  [1m[34mSELECT "users".* FROM "users" WHERE "users"."email" = $1 ORDER BY "users"."id" ASC LIMIT $2[0m  [["email", "monemail@email.fr"], ["LIMIT", 1]]
Completed 200 OK in 427ms (Views: 1.9ms | ActiveRecord: 50.5ms | Allocations: 4389)


Started POST "/api/api/login" for ::1 at 2021-03-02 16:27:23 +0100
  [1m[35m (0.9ms)[0m  [1m[34mSELECT "schema_migrations"."version" FROM "schema_migrations" ORDER BY "schema_migrations"."version" ASC[0m
  
ActionController::RoutingError (No route matches [POST] "/api/api/login"):
  
Started POST "/api/api/signup" for ::1 at 2021-03-02 16:27:32 +0100
  
ActionController::RoutingError (No route matches [POST] "/api/api/signup"):
  
Started POST "/api/api/signup/" for ::1 at 2021-03-02 16:28:26 +0100
  
ActionController::RoutingError (No route matches [POST] "/api/api/signup"):
  
Started POST "/api/login" for ::1 at 2021-03-02 16:29:32 +0100
Processing by SessionsController#create as JSON
  Parameters: {"user"=>{"email"=>"monemail@email.fr", "password"=>"[FILTERED]"}, "session"=>{"user"=>{"email"=>"monemail@email.fr", "password"=>"[FILTERED]"}}}
  [1m[36mUser Load (0.5ms)[0m  [1m[34mSELECT "users".* FROM "users" WHERE "users"."email" = $1 ORDER BY "users"."id" ASC LIMIT $2[0m  [["email", "monemail@email.fr"], ["LIMIT", 1]]
Completed 200 OK in 292ms (Views: 3.2ms | ActiveRecord: 5.4ms | Allocations: 9667)


Started DELETE "/api//logout" for ::1 at 2021-03-02 16:34:33 +0100
  [1m[35m (0.6ms)[0m  [1m[34mSELECT "schema_migrations"."version" FROM "schema_migrations" ORDER BY "schema_migrations"."version" ASC[0m
Processing by SessionsController#destroy as JSON
Filter chain halted as :verify_signed_out_user rendered or redirected
Completed 204 No Content in 0ms (ActiveRecord: 0.0ms | Allocations: 142)


Started DELETE "/api//logout" for ::1 at 2021-03-02 16:34:35 +0100
Processing by SessionsController#destroy as JSON
Filter chain halted as :verify_signed_out_user rendered or redirected
Completed 204 No Content in 0ms (ActiveRecord: 0.0ms | Allocations: 59)


Started POST "/api/login" for ::1 at 2021-03-02 16:34:43 +0100
Processing by SessionsController#create as JSON
  Parameters: {"user"=>{"email"=>"monemail@email.fr", "password"=>"[FILTERED]"}, "session"=>{"user"=>{"email"=>"monemail@email.fr", "password"=>"[FILTERED]"}}}
  [1m[36mUser Load (0.7ms)[0m  [1m[34mSELECT "users".* FROM "users" WHERE "users"."email" = $1 ORDER BY "users"."id" ASC LIMIT $2[0m  [["email", "monemail@email.fr"], ["LIMIT", 1]]
Completed 200 OK in 309ms (Views: 2.9ms | ActiveRecord: 6.8ms | Allocations: 8849)


Started DELETE "/api//logout" for ::1 at 2021-03-02 16:34:46 +0100
Processing by SessionsController#destroy as JSON
Filter chain halted as :verify_signed_out_user rendered or redirected
Completed 204 No Content in 1ms (ActiveRecord: 0.0ms | Allocations: 59)


Started POST "/articles/" for ::1 at 2021-03-02 16:37:54 +0100
Processing by ArticlesController#create as */*
  Parameters: {"title"=>"cool", "content"=>"toptoptoptoptopttoptptotptopt", "user"=>"1", "article"=>{"title"=>"cool", "content"=>"toptoptoptoptopttoptptotptopt"}}
Completed 422 Unprocessable Entity in 282ms (Views: 255.4ms | ActiveRecord: 7.7ms | Allocations: 211803)


Started POST "/articles/" for ::1 at 2021-03-02 16:40:11 +0100
  [1m[35m (0.8ms)[0m  [1m[34mSELECT "schema_migrations"."version" FROM "schema_migrations" ORDER BY "schema_migrations"."version" ASC[0m
Processing by ArticlesController#create as */*
  Parameters: {"title"=>"cool", "content"=>"toptoptoptoptopttoptptotptopt", "user"=>"1", "article"=>{"title"=>"cool", "content"=>"toptoptoptoptopttoptptotptopt"}}
Completed 500 Internal Server Error in 18ms (ActiveRecord: 3.6ms | Allocations: 7732)


  
NameError (undefined local variable or method `user' for #<ArticlesController:0x00000000007c88>
Did you mean?  super):
  
app/controllers/articles_controller.rb:21:in `create'
Started POST "/articles/" for ::1 at 2021-03-02 16:45:10 +0100
Processing by ArticlesController#create as */*
  Parameters: {"title"=>"cool", "content"=>"toptoptoptoptopttoptptotptopt", "user"=>"1", "article"=>{"title"=>"cool", "content"=>"toptoptoptoptopttoptptotptopt"}}
Completed 422 Unprocessable Entity in 309ms (Views: 294.0ms | ActiveRecord: 9.1ms | Allocations: 210744)


Started POST "/articles/" for ::1 at 2021-03-02 16:45:31 +0100
  [1m[35m (0.7ms)[0m  [1m[34mSELECT "schema_migrations"."version" FROM "schema_migrations" ORDER BY "schema_migrations"."version" ASC[0m
Processing by ArticlesController#create as */*
  Parameters: {"title"=>"cool", "content"=>"toptoptoptoptopttoptptotptopt", "user"=>"1", "article"=>{"title"=>"cool", "content"=>"toptoptoptoptopttoptptotptopt"}}
Completed 422 Unprocessable Entity in 280ms (Views: 262.3ms | ActiveRecord: 4.3ms | Allocations: 213488)


Started POST "/articles/" for ::1 at 2021-03-02 16:47:14 +0100
  [1m[35m (1.0ms)[0m  [1m[34mSELECT "schema_migrations"."version" FROM "schema_migrations" ORDER BY "schema_migrations"."version" ASC[0m
Processing by ArticlesController#create as */*
  Parameters: {"title"=>"cool", "content"=>"toptoptoptoptopttoptptotptopt", "user_id"=>"1", "article"=>{"title"=>"cool", "content"=>"toptoptoptoptopttoptptotptopt", "user_id"=>"1"}}
  [1m[36mTRANSACTION (0.2ms)[0m  [1m[35mBEGIN[0m
  ↳ app/controllers/articles_controller.rb:21:in `create'
  [1m[36mUser Load (1.2ms)[0m  [1m[34mSELECT "users".* FROM "users" WHERE "users"."id" = $1 LIMIT $2[0m  [["id", 1], ["LIMIT", 1]]
  ↳ app/controllers/articles_controller.rb:21:in `create'
  [1m[36mArticle Create (3.8ms)[0m  [1m[32mINSERT INTO "articles" ("title", "content", "user_id", "created_at", "updated_at") VALUES ($1, $2, $3, $4, $5) RETURNING "id"[0m  [["title", "cool"], ["content", "toptoptoptoptopttoptptotptopt"], ["user_id", 1], ["created_at", "2021-03-02 15:47:15.110537"], ["updated_at", "2021-03-02 15:47:15.110537"]]
  ↳ app/controllers/articles_controller.rb:21:in `create'
  [1m[36mTRANSACTION (1.2ms)[0m  [1m[35mCOMMIT[0m
  ↳ app/controllers/articles_controller.rb:21:in `create'
Completed 201 Created in 76ms (Views: 2.6ms | ActiveRecord: 15.7ms | Allocations: 14156)


Started POST "/articles/" for ::1 at 2021-03-02 16:47:29 +0100
Processing by ArticlesController#create as */*
  Parameters: {"title"=>"cool2", "content"=>"toptoptoptoptopttoptptotptopt22222", "user_id"=>"1", "article"=>{"title"=>"cool2", "content"=>"toptoptoptoptopttoptptotptopt22222", "user_id"=>"1"}}
  [1m[36mTRANSACTION (1.1ms)[0m  [1m[35mBEGIN[0m
  ↳ app/controllers/articles_controller.rb:21:in `create'
  [1m[36mUser Load (11.0ms)[0m  [1m[34mSELECT "users".* FROM "users" WHERE "users"."id" = $1 LIMIT $2[0m  [["id", 1], ["LIMIT", 1]]
  ↳ app/controllers/articles_controller.rb:21:in `create'
  [1m[36mArticle Create (1.3ms)[0m  [1m[32mINSERT INTO "articles" ("title", "content", "user_id", "created_at", "updated_at") VALUES ($1, $2, $3, $4, $5) RETURNING "id"[0m  [["title", "cool2"], ["content", "toptoptoptoptopttoptptotptopt22222"], ["user_id", 1], ["created_at", "2021-03-02 15:47:29.464131"], ["updated_at", "2021-03-02 15:47:29.464131"]]
  ↳ app/controllers/articles_controller.rb:21:in `create'
  [1m[36mTRANSACTION (1.9ms)[0m  [1m[35mCOMMIT[0m
  ↳ app/controllers/articles_controller.rb:21:in `create'
Completed 201 Created in 31ms (Views: 0.5ms | ActiveRecord: 15.2ms | Allocations: 2740)


Started GET "/articles/" for ::1 at 2021-03-02 16:48:59 +0100
  [1m[35m (0.8ms)[0m  [1m[34mSELECT "schema_migrations"."version" FROM "schema_migrations" ORDER BY "schema_migrations"."version" ASC[0m
Processing by ArticlesController#index as */*
  [1m[36mArticle Load (0.8ms)[0m  [1m[34mSELECT "articles".* FROM "articles"[0m
  ↳ app/controllers/articles_controller.rb:9:in `index'
Completed 200 OK in 38ms (Views: 12.5ms | ActiveRecord: 12.2ms | Allocations: 6468)


Started POST "/api/login" for ::1 at 2021-03-02 16:52:54 +0100
  [1m[35m (3.7ms)[0m  [1m[34mSELECT "schema_migrations"."version" FROM "schema_migrations" ORDER BY "schema_migrations"."version" ASC[0m
Processing by SessionsController#create as JSON
  Parameters: {"user"=>{"email"=>"monemail@email.fr", "password"=>"[FILTERED]"}, "session"=>{"user"=>{"email"=>"monemail@email.fr", "password"=>"[FILTERED]"}}}
  [1m[36mUser Load (0.5ms)[0m  [1m[34mSELECT "users".* FROM "users" WHERE "users"."email" = $1 ORDER BY "users"."id" ASC LIMIT $2[0m  [["email", "monemail@email.fr"], ["LIMIT", 1]]
Completed 200 OK in 325ms (Views: 3.6ms | ActiveRecord: 5.4ms | Allocations: 9643)


Started DELETE "/api//logout" for ::1 at 2021-03-02 16:52:58 +0100
Processing by SessionsController#destroy as JSON
Filter chain halted as :verify_signed_out_user rendered or redirected
Completed 204 No Content in 1ms (ActiveRecord: 0.0ms | Allocations: 65)


Started GET "/articles/" for ::1 at 2021-03-02 16:53:01 +0100
Processing by ArticlesController#index as */*
  [1m[36mArticle Load (2.1ms)[0m  [1m[34mSELECT "articles".* FROM "articles"[0m
  ↳ app/controllers/articles_controller.rb:9:in `index'
Completed 200 OK in 42ms (Views: 26.9ms | ActiveRecord: 8.8ms | Allocations: 4258)


Started POST "/articles/" for ::1 at 2021-03-02 16:53:13 +0100
Processing by ArticlesController#create as */*
  Parameters: {"title"=>"cool3", "content"=>"toptoptoptoptopttoptptotptopt22222", "user_id"=>"1", "article"=>{"title"=>"cool3", "content"=>"toptoptoptoptopttoptptotptopt22222", "user_id"=>"1"}}
  [1m[36mTRANSACTION (0.2ms)[0m  [1m[35mBEGIN[0m
  ↳ app/controllers/articles_controller.rb:21:in `create'
  [1m[36mUser Load (0.2ms)[0m  [1m[34mSELECT "users".* FROM "users" WHERE "users"."id" = $1 LIMIT $2[0m  [["id", 1], ["LIMIT", 1]]
  ↳ app/controllers/articles_controller.rb:21:in `create'
  [1m[36mArticle Create (2.3ms)[0m  [1m[32mINSERT INTO "articles" ("title", "content", "user_id", "created_at", "updated_at") VALUES ($1, $2, $3, $4, $5) RETURNING "id"[0m  [["title", "cool3"], ["content", "toptoptoptoptopttoptptotptopt22222"], ["user_id", 1], ["created_at", "2021-03-02 15:53:13.089793"], ["updated_at", "2021-03-02 15:53:13.089793"]]
  ↳ app/controllers/articles_controller.rb:21:in `create'
  [1m[36mTRANSACTION (2.1ms)[0m  [1m[35mCOMMIT[0m
  ↳ app/controllers/articles_controller.rb:21:in `create'
Completed 201 Created in 43ms (Views: 1.6ms | ActiveRecord: 4.8ms | Allocations: 5653)


Started DELETE "/api//logout" for ::1 at 2021-03-02 16:53:29 +0100
Processing by SessionsController#destroy as JSON
Filter chain halted as :verify_signed_out_user rendered or redirected
Completed 204 No Content in 0ms (ActiveRecord: 0.0ms | Allocations: 59)


Started POST "/api/login" for ::1 at 2021-03-02 16:54:09 +0100
Processing by SessionsController#create as JSON
  Parameters: {"user"=>{"email"=>"monemail@email.com", "password"=>"[FILTERED]"}, "session"=>{"user"=>{"email"=>"monemail@email.com", "password"=>"[FILTERED]"}}}
  [1m[36mUser Load (0.3ms)[0m  [1m[34mSELECT "users".* FROM "users" WHERE "users"."email" = $1 ORDER BY "users"."id" ASC LIMIT $2[0m  [["email", "monemail@email.com"], ["LIMIT", 1]]
Completed 401 Unauthorized in 3ms (ActiveRecord: 0.3ms | Allocations: 997)


Started POST "/articles/" for ::1 at 2021-03-02 16:54:18 +0100
Processing by ArticlesController#create as */*
  Parameters: {"title"=>"cool4", "content"=>"toptoptoptoptopttoptptotptopt22222", "user_id"=>"1", "article"=>{"title"=>"cool4", "content"=>"toptoptoptoptopttoptptotptopt22222", "user_id"=>"1"}}
  [1m[36mTRANSACTION (0.2ms)[0m  [1m[35mBEGIN[0m
  ↳ app/controllers/articles_controller.rb:21:in `create'
  [1m[36mUser Load (0.6ms)[0m  [1m[34mSELECT "users".* FROM "users" WHERE "users"."id" = $1 LIMIT $2[0m  [["id", 1], ["LIMIT", 1]]
  ↳ app/controllers/articles_controller.rb:21:in `create'
  [1m[36mArticle Create (0.8ms)[0m  [1m[32mINSERT INTO "articles" ("title", "content", "user_id", "created_at", "updated_at") VALUES ($1, $2, $3, $4, $5) RETURNING "id"[0m  [["title", "cool4"], ["content", "toptoptoptoptopttoptptotptopt22222"], ["user_id", 1], ["created_at", "2021-03-02 15:54:18.498471"], ["updated_at", "2021-03-02 15:54:18.498471"]]
  ↳ app/controllers/articles_controller.rb:21:in `create'
  [1m[36mTRANSACTION (0.4ms)[0m  [1m[35mCOMMIT[0m
  ↳ app/controllers/articles_controller.rb:21:in `create'
Completed 201 Created in 12ms (Views: 0.7ms | ActiveRecord: 2.0ms | Allocations: 2740)


Started POST "/articles/" for ::1 at 2021-03-02 16:54:59 +0100
Processing by ArticlesController#create as */*
  Parameters: {"title"=>"cool6777", "content"=>"toptoptoptoptopttoptptotptopt22222", "user_id"=>"2", "article"=>{"title"=>"cool6777", "content"=>"toptoptoptoptopttoptptotptopt22222", "user_id"=>"2"}}
  [1m[36mTRANSACTION (0.2ms)[0m  [1m[35mBEGIN[0m
  ↳ app/controllers/articles_controller.rb:21:in `create'
  [1m[36mUser Load (1.0ms)[0m  [1m[34mSELECT "users".* FROM "users" WHERE "users"."id" = $1 LIMIT $2[0m  [["id", 2], ["LIMIT", 1]]
  ↳ app/controllers/articles_controller.rb:21:in `create'
  [1m[36mTRANSACTION (0.3ms)[0m  [1m[31mROLLBACK[0m
  ↳ app/controllers/articles_controller.rb:21:in `create'
Completed 422 Unprocessable Entity in 9ms (Views: 1.2ms | ActiveRecord: 1.5ms | Allocations: 2430)


Started POST "/articles/" for ::1 at 2021-03-02 16:55:09 +0100
Processing by ArticlesController#create as */*
  Parameters: {"title"=>"cool6777", "content"=>"toptoptoptoptopttoptptotptopt22222", "user_id"=>"1", "article"=>{"title"=>"cool6777", "content"=>"toptoptoptoptopttoptptotptopt22222", "user_id"=>"1"}}
  [1m[36mTRANSACTION (0.2ms)[0m  [1m[35mBEGIN[0m
  ↳ app/controllers/articles_controller.rb:21:in `create'
  [1m[36mUser Load (0.4ms)[0m  [1m[34mSELECT "users".* FROM "users" WHERE "users"."id" = $1 LIMIT $2[0m  [["id", 1], ["LIMIT", 1]]
  ↳ app/controllers/articles_controller.rb:21:in `create'
  [1m[36mArticle Create (0.5ms)[0m  [1m[32mINSERT INTO "articles" ("title", "content", "user_id", "created_at", "updated_at") VALUES ($1, $2, $3, $4, $5) RETURNING "id"[0m  [["title", "cool6777"], ["content", "toptoptoptoptopttoptptotptopt22222"], ["user_id", 1], ["created_at", "2021-03-02 15:55:09.255775"], ["updated_at", "2021-03-02 15:55:09.255775"]]
  ↳ app/controllers/articles_controller.rb:21:in `create'
  [1m[36mTRANSACTION (1.5ms)[0m  [1m[35mCOMMIT[0m
  ↳ app/controllers/articles_controller.rb:21:in `create'
Completed 201 Created in 13ms (Views: 0.5ms | ActiveRecord: 2.7ms | Allocations: 2713)


Started DELETE "/api//logout" for ::1 at 2021-03-02 16:57:54 +0100
  [1m[35m (2.1ms)[0m  [1m[34mSELECT "schema_migrations"."version" FROM "schema_migrations" ORDER BY "schema_migrations"."version" ASC[0m
Processing by SessionsController#destroy as JSON
  Parameters: {"user"=>{"email"=>"monemail@email.com", "password"=>"[FILTERED]"}, "session"=>{"user"=>{"email"=>"monemail@email.com", "password"=>"[FILTERED]"}}}
Filter chain halted as :verify_signed_out_user rendered or redirected
Completed 204 No Content in 1ms (ActiveRecord: 0.0ms | Allocations: 142)


Started POST "/api/signup/" for ::1 at 2021-03-02 16:58:22 +0100
Processing by RegistrationsController#create as JSON
  Parameters: {"user"=>{"email"=>"test2@email.fr", "password"=>"[FILTERED]"}, "registration"=>{"user"=>{"email"=>"test2@email.fr", "password"=>"[FILTERED]"}}}
  [1m[36mTRANSACTION (0.2ms)[0m  [1m[35mBEGIN[0m
  ↳ app/controllers/registrations_controller.rb:4:in `create'
  [1m[36mUser Create (0.9ms)[0m  [1m[32mINSERT INTO "users" ("email", "encrypted_password", "created_at", "updated_at") VALUES ($1, $2, $3, $4) RETURNING "id"[0m  [["email", "test2@email.fr"], ["encrypted_password", "$2a$12$CuwWgae4MT.Qd25i.se0M.FXNuc1h9v2Uj..yzcLuiBKjVKFvpb92"], ["created_at", "2021-03-02 15:58:22.697205"], ["updated_at", "2021-03-02 15:58:22.697205"]]
  ↳ app/controllers/registrations_controller.rb:4:in `create'
  [1m[36mTRANSACTION (1.0ms)[0m  [1m[35mCOMMIT[0m
  ↳ app/controllers/registrations_controller.rb:4:in `create'
Completed 200 OK in 432ms (Views: 2.7ms | ActiveRecord: 13.6ms | Allocations: 9471)


Started POST "/api/login" for ::1 at 2021-03-02 16:58:29 +0100
Processing by SessionsController#create as JSON
  Parameters: {"user"=>{"email"=>"test2@email.fr", "password"=>"[FILTERED]"}, "session"=>{"user"=>{"email"=>"test2@email.fr", "password"=>"[FILTERED]"}}}
  [1m[36mUser Load (0.8ms)[0m  [1m[34mSELECT "users".* FROM "users" WHERE "users"."email" = $1 ORDER BY "users"."id" ASC LIMIT $2[0m  [["email", "test2@email.fr"], ["LIMIT", 1]]
Completed 200 OK in 494ms (Views: 0.7ms | ActiveRecord: 12.2ms | Allocations: 2224)


Started POST "/articles/" for ::1 at 2021-03-02 16:58:51 +0100
Processing by ArticlesController#create as */*
  Parameters: {"title"=>"cool67333377", "content"=>"oupss", "user_id"=>"1", "article"=>{"title"=>"cool67333377", "content"=>"oupss", "user_id"=>"1"}}
  [1m[36mTRANSACTION (0.1ms)[0m  [1m[35mBEGIN[0m
  ↳ app/controllers/articles_controller.rb:21:in `create'
  [1m[36mUser Load (0.2ms)[0m  [1m[34mSELECT "users".* FROM "users" WHERE "users"."id" = $1 LIMIT $2[0m  [["id", 1], ["LIMIT", 1]]
  ↳ app/controllers/articles_controller.rb:21:in `create'
  [1m[36mArticle Create (1.4ms)[0m  [1m[32mINSERT INTO "articles" ("title", "content", "user_id", "created_at", "updated_at") VALUES ($1, $2, $3, $4, $5) RETURNING "id"[0m  [["title", "cool67333377"], ["content", "oupss"], ["user_id", 1], ["created_at", "2021-03-02 15:58:51.155632"], ["updated_at", "2021-03-02 15:58:51.155632"]]
  ↳ app/controllers/articles_controller.rb:21:in `create'
  [1m[36mTRANSACTION (0.6ms)[0m  [1m[35mCOMMIT[0m
  ↳ app/controllers/articles_controller.rb:21:in `create'
Completed 201 Created in 33ms (Views: 1.1ms | ActiveRecord: 8.9ms | Allocations: 6550)


Started POST "/articles/" for ::1 at 2021-03-02 16:58:57 +0100
Processing by ArticlesController#create as */*
  Parameters: {"title"=>"cool67333377", "content"=>"oupss", "user_id"=>"5", "article"=>{"title"=>"cool67333377", "content"=>"oupss", "user_id"=>"5"}}
  [1m[36mTRANSACTION (1.3ms)[0m  [1m[35mBEGIN[0m
  ↳ app/controllers/articles_controller.rb:21:in `create'
  [1m[36mUser Load (0.8ms)[0m  [1m[34mSELECT "users".* FROM "users" WHERE "users"."id" = $1 LIMIT $2[0m  [["id", 5], ["LIMIT", 1]]
  ↳ app/controllers/articles_controller.rb:21:in `create'
  [1m[36mArticle Create (1.2ms)[0m  [1m[32mINSERT INTO "articles" ("title", "content", "user_id", "created_at", "updated_at") VALUES ($1, $2, $3, $4, $5) RETURNING "id"[0m  [["title", "cool67333377"], ["content", "oupss"], ["user_id", 5], ["created_at", "2021-03-02 15:58:57.884286"], ["updated_at", "2021-03-02 15:58:57.884286"]]
  ↳ app/controllers/articles_controller.rb:21:in `create'
  [1m[36mTRANSACTION (14.5ms)[0m  [1m[35mCOMMIT[0m
  ↳ app/controllers/articles_controller.rb:21:in `create'
Completed 201 Created in 36ms (Views: 0.8ms | ActiveRecord: 17.8ms | Allocations: 2718)


Started GET "/articles/" for ::1 at 2021-03-02 16:59:14 +0100
Processing by ArticlesController#index as */*
  [1m[36mArticle Load (0.6ms)[0m  [1m[34mSELECT "articles".* FROM "articles"[0m
  ↳ app/controllers/articles_controller.rb:9:in `index'
Completed 200 OK in 5ms (Views: 4.3ms | ActiveRecord: 0.6ms | Allocations: 1306)


Started DELETE "/api//logout" for ::1 at 2021-03-02 16:59:43 +0100
Processing by SessionsController#destroy as JSON
  Parameters: {"user"=>{"email"=>"monemail@email.com", "password"=>"[FILTERED]"}, "session"=>{"user"=>{"email"=>"monemail@email.com", "password"=>"[FILTERED]"}}}
Filter chain halted as :verify_signed_out_user rendered or redirected
Completed 204 No Content in 1ms (ActiveRecord: 0.0ms | Allocations: 59)


Started POST "/articles/" for ::1 at 2021-03-02 17:08:17 +0100
Processing by ArticlesController#create as */*
  Parameters: {"title"=>"untest", "content"=>"oupss", "user_id"=>"1", "article"=>{"title"=>"untest", "content"=>"oupss", "user_id"=>"1"}}
Completed 401 Unauthorized in 2ms (ActiveRecord: 9.5ms | Allocations: 389)


Started GET "/api/login" for ::1 at 2021-03-02 17:08:18 +0100
Processing by SessionsController#new as JSON
  Parameters: {"session"=>{}}
Completed 500 Internal Server Error in 14ms (ActiveRecord: 0.0ms | Allocations: 3956)


  
ActionController::UrlGenerationError (No route matches {:action=>"show", :controller=>"api/users", :format=>:json, :id=>nil}, possible unmatched constraints: [:id]
Did you mean?  api_user_path):
  
app/serializable/SerializableUser.rb:7:in `block in <class:SerializableUser>'
app/controllers/application_controller.rb:4:in `render_jsonapi_response'
app/controllers/sessions_controller.rb:5:in `respond_with'
Started POST "/articles/" for ::1 at 2021-03-02 17:08:26 +0100
Processing by ArticlesController#create as */*
  Parameters: {"title"=>"untest", "content"=>"oupss", "user_id"=>"5", "article"=>{"title"=>"untest", "content"=>"oupss", "user_id"=>"5"}}
Completed 401 Unauthorized in 0ms (ActiveRecord: 0.0ms | Allocations: 65)


Started GET "/api/login" for ::1 at 2021-03-02 17:08:26 +0100
Processing by SessionsController#new as JSON
  Parameters: {"session"=>{}}
Completed 500 Internal Server Error in 2ms (ActiveRecord: 0.0ms | Allocations: 586)


  
ActionController::UrlGenerationError (No route matches {:action=>"show", :controller=>"api/users", :format=>:json, :id=>nil}, possible unmatched constraints: [:id]
Did you mean?  api_user_path):
  
app/serializable/SerializableUser.rb:7:in `block in <class:SerializableUser>'
app/controllers/application_controller.rb:4:in `render_jsonapi_response'
app/controllers/sessions_controller.rb:5:in `respond_with'
Started POST "/articles/" for ::1 at 2021-03-02 17:08:38 +0100
Processing by ArticlesController#create as */*
  Parameters: {"title"=>"untest", "content"=>"oupss", "user_id"=>"6", "article"=>{"title"=>"untest", "content"=>"oupss", "user_id"=>"6"}}
Completed 401 Unauthorized in 0ms (ActiveRecord: 0.0ms | Allocations: 65)


Started GET "/api/login" for ::1 at 2021-03-02 17:08:38 +0100
Processing by SessionsController#new as JSON
  Parameters: {"session"=>{}}
Completed 500 Internal Server Error in 1ms (ActiveRecord: 0.0ms | Allocations: 582)


  
ActionController::UrlGenerationError (No route matches {:action=>"show", :controller=>"api/users", :format=>:json, :id=>nil}, possible unmatched constraints: [:id]
Did you mean?  api_user_path):
  
app/serializable/SerializableUser.rb:7:in `block in <class:SerializableUser>'
app/controllers/application_controller.rb:4:in `render_jsonapi_response'
app/controllers/sessions_controller.rb:5:in `respond_with'
Started POST "/articles/" for ::1 at 2021-03-02 17:08:49 +0100
Processing by ArticlesController#create as */*
  Parameters: {"title"=>"untest", "content"=>"oupss", "user_id"=>"6", "article"=>{"title"=>"untest", "content"=>"oupss", "user_id"=>"6"}}
  [1m[36mTRANSACTION (0.2ms)[0m  [1m[35mBEGIN[0m
  ↳ app/controllers/articles_controller.rb:21:in `create'
  [1m[36mUser Load (4.3ms)[0m  [1m[34mSELECT "users".* FROM "users" WHERE "users"."id" = $1 LIMIT $2[0m  [["id", 6], ["LIMIT", 1]]
  ↳ app/controllers/articles_controller.rb:21:in `create'
  [1m[36mTRANSACTION (0.3ms)[0m  [1m[31mROLLBACK[0m
  ↳ app/controllers/articles_controller.rb:21:in `create'
Completed 422 Unprocessable Entity in 433ms (Views: 400.0ms | ActiveRecord: 21.1ms | Allocations: 212760)


Started POST "/articles/" for ::1 at 2021-03-02 17:08:57 +0100
Processing by ArticlesController#create as */*
  Parameters: {"title"=>"untest", "content"=>"oupss", "user_id"=>"5", "article"=>{"title"=>"untest", "content"=>"oupss", "user_id"=>"5"}}
  [1m[36mTRANSACTION (0.2ms)[0m  [1m[35mBEGIN[0m
  ↳ app/controllers/articles_controller.rb:21:in `create'
  [1m[36mUser Load (0.4ms)[0m  [1m[34mSELECT "users".* FROM "users" WHERE "users"."id" = $1 LIMIT $2[0m  [["id", 5], ["LIMIT", 1]]
  ↳ app/controllers/articles_controller.rb:21:in `create'
  [1m[36mArticle Create (1.0ms)[0m  [1m[32mINSERT INTO "articles" ("title", "content", "user_id", "created_at", "updated_at") VALUES ($1, $2, $3, $4, $5) RETURNING "id"[0m  [["title", "untest"], ["content", "oupss"], ["user_id", 5], ["created_at", "2021-03-02 16:08:57.677326"], ["updated_at", "2021-03-02 16:08:57.677326"]]
  ↳ app/controllers/articles_controller.rb:21:in `create'
  [1m[36mTRANSACTION (1.6ms)[0m  [1m[35mCOMMIT[0m
  ↳ app/controllers/articles_controller.rb:21:in `create'
Completed 201 Created in 20ms (Views: 0.6ms | ActiveRecord: 3.2ms | Allocations: 5786)


Started POST "/articles/" for ::1 at 2021-03-02 17:15:02 +0100
Processing by ArticlesController#create as */*
  Parameters: {"title"=>"untest", "content"=>"oupss", "user_id"=>"2", "article"=>{"title"=>"untest", "content"=>"oupss", "user_id"=>"2"}}
  [1m[36mTRANSACTION (0.2ms)[0m  [1m[35mBEGIN[0m
  ↳ app/controllers/articles_controller.rb:23:in `create'
  [1m[36mUser Load (0.7ms)[0m  [1m[34mSELECT "users".* FROM "users" WHERE "users"."id" = $1 LIMIT $2[0m  [["id", 2], ["LIMIT", 1]]
  ↳ app/controllers/articles_controller.rb:23:in `create'
  [1m[36mTRANSACTION (0.1ms)[0m  [1m[31mROLLBACK[0m
  ↳ app/controllers/articles_controller.rb:23:in `create'
Completed 422 Unprocessable Entity in 25ms (Views: 6.2ms | ActiveRecord: 12.6ms | Allocations: 5187)


Started POST "/articles/" for ::1 at 2021-03-02 17:15:07 +0100
Processing by ArticlesController#create as */*
  Parameters: {"title"=>"untest", "content"=>"oupss", "user_id"=>"5", "article"=>{"title"=>"untest", "content"=>"oupss", "user_id"=>"5"}}
  [1m[36mTRANSACTION (1.0ms)[0m  [1m[35mBEGIN[0m
  ↳ app/controllers/articles_controller.rb:23:in `create'
  [1m[36mUser Load (1.7ms)[0m  [1m[34mSELECT "users".* FROM "users" WHERE "users"."id" = $1 LIMIT $2[0m  [["id", 5], ["LIMIT", 1]]
  ↳ app/controllers/articles_controller.rb:23:in `create'
  [1m[36mArticle Create (4.3ms)[0m  [1m[32mINSERT INTO "articles" ("title", "content", "user_id", "created_at", "updated_at") VALUES ($1, $2, $3, $4, $5) RETURNING "id"[0m  [["title", "untest"], ["content", "oupss"], ["user_id", 5], ["created_at", "2021-03-02 16:15:07.639000"], ["updated_at", "2021-03-02 16:15:07.639000"]]
  ↳ app/controllers/articles_controller.rb:23:in `create'
  [1m[36mTRANSACTION (0.7ms)[0m  [1m[35mCOMMIT[0m
  ↳ app/controllers/articles_controller.rb:23:in `create'
Completed 201 Created in 32ms (Views: 1.2ms | ActiveRecord: 7.7ms | Allocations: 5700)


Started POST "/articles/" for ::1 at 2021-03-02 17:17:12 +0100
Processing by ArticlesController#create as */*
  Parameters: {"title"=>"untest", "content"=>"oupss", "user_id"=>"3", "article"=>{"title"=>"untest", "content"=>"oupss", "user_id"=>"3"}}
  [1m[36mTRANSACTION (0.3ms)[0m  [1m[35mBEGIN[0m
  ↳ app/controllers/articles_controller.rb:23:in `create'
  [1m[36mUser Load (0.5ms)[0m  [1m[34mSELECT "users".* FROM "users" WHERE "users"."id" = $1 LIMIT $2[0m  [["id", 3], ["LIMIT", 1]]
  ↳ app/controllers/articles_controller.rb:23:in `create'
  [1m[36mTRANSACTION (0.3ms)[0m  [1m[31mROLLBACK[0m
  ↳ app/controllers/articles_controller.rb:23:in `create'
Completed 422 Unprocessable Entity in 11ms (Views: 1.4ms | ActiveRecord: 1.0ms | Allocations: 2330)


Started POST "/articles/" for ::1 at 2021-03-02 17:17:32 +0100
Processing by ArticlesController#create as */*
  Parameters: {"title"=>"untnonononest", "content"=>"oupss", "user_id"=>"5", "article"=>{"title"=>"untnonononest", "content"=>"oupss", "user_id"=>"5"}}
  [1m[36mTRANSACTION (0.3ms)[0m  [1m[35mBEGIN[0m
  ↳ app/controllers/articles_controller.rb:23:in `create'
  [1m[36mUser Load (1.2ms)[0m  [1m[34mSELECT "users".* FROM "users" WHERE "users"."id" = $1 LIMIT $2[0m  [["id", 5], ["LIMIT", 1]]
  ↳ app/controllers/articles_controller.rb:23:in `create'
  [1m[36mArticle Create (0.8ms)[0m  [1m[32mINSERT INTO "articles" ("title", "content", "user_id", "created_at", "updated_at") VALUES ($1, $2, $3, $4, $5) RETURNING "id"[0m  [["title", "untnonononest"], ["content", "oupss"], ["user_id", 5], ["created_at", "2021-03-02 16:17:32.549078"], ["updated_at", "2021-03-02 16:17:32.549078"]]
  ↳ app/controllers/articles_controller.rb:23:in `create'
  [1m[36mTRANSACTION (0.4ms)[0m  [1m[35mCOMMIT[0m
  ↳ app/controllers/articles_controller.rb:23:in `create'
Completed 201 Created in 31ms (Views: 1.0ms | ActiveRecord: 2.6ms | Allocations: 2713)


Started POST "/articles/" for ::1 at 2021-03-02 17:25:20 +0100
  
SyntaxError (/Users/mathieujoly/Documents/Next_THP/Semaine09/J41/blog_api/app/models/article.rb:3: syntax error, unexpected ':', expecting `end'
  validates :title :content, presence: true
                   ^
):
  
app/models/article.rb:3: syntax error, unexpected ':', expecting `end'
app/models/article.rb:3: syntax error, unexpected ':', expecting `end'
Started POST "/articles/" for ::1 at 2021-03-02 17:46:19 +0100
  
SyntaxError (/Users/mathieujoly/Documents/Next_THP/Semaine09/J41/blog_api/app/models/article.rb:3: syntax error, unexpected ':', expecting `end'
  validates :title :content, presence: true
                   ^
):
  
app/models/article.rb:3: syntax error, unexpected ':', expecting `end'
app/models/article.rb:3: syntax error, unexpected ':', expecting `end'
Started POST "/articles/" for ::1 at 2021-03-02 17:46:54 +0100
  [1m[35m (0.7ms)[0m  [1m[34mSELECT "schema_migrations"."version" FROM "schema_migrations" ORDER BY "schema_migrations"."version" ASC[0m
  
SyntaxError (/Users/mathieujoly/Documents/Next_THP/Semaine09/J41/blog_api/app/models/article.rb:3: syntax error, unexpected ':', expecting `end'
  validates :title :content, presence: true
                   ^
):
  
app/models/article.rb:3: syntax error, unexpected ':', expecting `end'
app/models/article.rb:3: syntax error, unexpected ':', expecting `end'
Started POST "/articles/" for ::1 at 2021-03-02 17:47:25 +0100
Processing by ArticlesController#create as */*
  Parameters: {"title"=>"untnonodsdsdsnonest", "content"=>"oudsdsddsdsdsdsdsdsdsdsdpss", "user_id"=>"4", "article"=>{"title"=>"untnonodsdsdsnonest", "content"=>"oudsdsddsdsdsdsdsdsdsdsdpss", "user_id"=>"4"}}
Completed 401 Unauthorized in 2ms (ActiveRecord: 1.8ms | Allocations: 542)


Started POST "/api/login" for ::1 at 2021-03-02 17:47:31 +0100
Processing by SessionsController#create as JSON
  Parameters: {"user"=>{"email"=>"test2@email.fr", "password"=>"[FILTERED]"}, "session"=>{"user"=>{"email"=>"test2@email.fr", "password"=>"[FILTERED]"}}}
  [1m[36mUser Load (0.9ms)[0m  [1m[34mSELECT "users".* FROM "users" WHERE "users"."email" = $1 ORDER BY "users"."id" ASC LIMIT $2[0m  [["email", "test2@email.fr"], ["LIMIT", 1]]
Completed 200 OK in 310ms (Views: 3.0ms | ActiveRecord: 6.1ms | Allocations: 8803)


Started POST "/articles/" for ::1 at 2021-03-02 17:47:36 +0100
Processing by ArticlesController#create as */*
  Parameters: {"title"=>"untnonodsdsdsnonest", "content"=>"oudsdsddsdsdsdsdsdsdsdsdpss", "user_id"=>"4", "article"=>{"title"=>"untnonodsdsdsnonest", "content"=>"oudsdsddsdsdsdsdsdsdsdsdpss", "user_id"=>"4"}}
Completed 401 Unauthorized in 0ms (ActiveRecord: 0.0ms | Allocations: 67)


Started POST "/articles/" for ::1 at 2021-03-02 17:47:38 +0100
Processing by ArticlesController#create as */*
  Parameters: {"title"=>"untnonodsdsdsnonest", "content"=>"oudsdsddsdsdsdsdsdsdsdsdpss", "user_id"=>"4", "article"=>{"title"=>"untnonodsdsdsnonest", "content"=>"oudsdsddsdsdsdsdsdsdsdsdpss", "user_id"=>"4"}}
Completed 401 Unauthorized in 0ms (ActiveRecord: 0.0ms | Allocations: 67)


Started POST "/articles/" for ::1 at 2021-03-02 17:47:43 +0100
Processing by ArticlesController#create as */*
  Parameters: {"title"=>"untnonodsdsdsnonest", "content"=>"oudsdsddsdsdsdsdsdsdsdsdpss", "user_id"=>"3", "article"=>{"title"=>"untnonodsdsdsnonest", "content"=>"oudsdsddsdsdsdsdsdsdsdsdpss", "user_id"=>"3"}}
Completed 401 Unauthorized in 0ms (ActiveRecord: 0.0ms | Allocations: 65)


Started POST "/articles/" for ::1 at 2021-03-02 17:47:46 +0100
Processing by ArticlesController#create as */*
  Parameters: {"title"=>"untnonodsdsdsnonest", "content"=>"oudsdsddsdsdsdsdsdsdsdsdpss", "user_id"=>"2", "article"=>{"title"=>"untnonodsdsdsnonest", "content"=>"oudsdsddsdsdsdsdsdsdsdsdpss", "user_id"=>"2"}}
Completed 401 Unauthorized in 0ms (ActiveRecord: 0.0ms | Allocations: 65)


Started POST "/articles/" for ::1 at 2021-03-02 17:47:51 +0100
Processing by ArticlesController#create as */*
  Parameters: {"title"=>"untnonodsdsdsnonest", "content"=>"oudsdsddsdsdsdsdsdsdsdsdpss", "user_id"=>"1", "article"=>{"title"=>"untnonodsdsdsnonest", "content"=>"oudsdsddsdsdsdsdsdsdsdsdpss", "user_id"=>"1"}}
Completed 401 Unauthorized in 0ms (ActiveRecord: 0.0ms | Allocations: 65)


Started POST "/articles/" for ::1 at 2021-03-02 17:47:57 +0100
Processing by ArticlesController#create as */*
  Parameters: {"title"=>"untnonodsdsdsnonest", "content"=>"oudsdsddsdsdsdsdsdsdsdsdpss", "user_id"=>"6", "article"=>{"title"=>"untnonodsdsdsnonest", "content"=>"oudsdsddsdsdsdsdsdsdsdsdpss", "user_id"=>"6"}}
Completed 401 Unauthorized in 0ms (ActiveRecord: 0.0ms | Allocations: 65)


Started POST "/articles/" for ::1 at 2021-03-02 17:48:00 +0100
Processing by ArticlesController#create as */*
  Parameters: {"title"=>"untnonodsdsdsnonest", "content"=>"oudsdsddsdsdsdsdsdsdsdsdpss", "user_id"=>"5", "article"=>{"title"=>"untnonodsdsdsnonest", "content"=>"oudsdsddsdsdsdsdsdsdsdsdpss", "user_id"=>"5"}}
Completed 401 Unauthorized in 1ms (ActiveRecord: 0.0ms | Allocations: 65)


Started POST "/api/login" for ::1 at 2021-03-02 17:48:15 +0100
Processing by SessionsController#create as JSON
  Parameters: {"user"=>{"email"=>"test2@email.fr", "password"=>"[FILTERED]"}, "session"=>{"user"=>{"email"=>"test2@email.fr", "password"=>"[FILTERED]"}}}
  [1m[36mUser Load (0.4ms)[0m  [1m[34mSELECT "users".* FROM "users" WHERE "users"."email" = $1 ORDER BY "users"."id" ASC LIMIT $2[0m  [["email", "test2@email.fr"], ["LIMIT", 1]]
Completed 200 OK in 305ms (Views: 0.7ms | ActiveRecord: 0.4ms | Allocations: 1559)


Started POST "/articles/" for ::1 at 2021-03-02 17:48:18 +0100
Processing by ArticlesController#create as */*
  Parameters: {"title"=>"untnonodsdsdsnonest", "content"=>"oudsdsddsdsdsdsdsdsdsdsdpss", "user_id"=>"5", "article"=>{"title"=>"untnonodsdsdsnonest", "content"=>"oudsdsddsdsdsdsdsdsdsdsdpss", "user_id"=>"5"}}
Completed 401 Unauthorized in 0ms (ActiveRecord: 0.0ms | Allocations: 65)


